
Showing logs for build [32mpns-si5-al-creditrama-d-1920-cr-km9gq-1[0m stage [32mfrom-build-pack[0m and container [32mstep-credential-initializer-s87sz[0m
{"level":"warn","ts":1579538037.9975696,"logger":"fallback-logger","caller":"logging/config.go:69","msg":"Fetch GitHub commit ID from kodata failed: \"ref: refs/heads/0.8.0-**-support-backwards-incompats\" is not a valid GitHub commit ID"}
{"level":"info","ts":1579538037.9983325,"logger":"fallback-logger","caller":"creds-init/main.go:40","msg":"Credentials initialized."}

Showing logs for build [32mpns-si5-al-creditrama-d-1920-cr-km9gq-1[0m stage [32mfrom-build-pack[0m and container [32mstep-working-dir-initializer-b92q2[0m
{"level":"warn","ts":1579538042.015847,"logger":"fallback-logger","caller":"logging/config.go:69","msg":"Fetch GitHub commit ID from kodata failed: open /var/run/ko/HEAD: no such file or directory"}
{"level":"info","ts":1579538042.0173793,"logger":"fallback-logger","caller":"bash/main.go:64","msg":"Successfully executed command \"sh -c mkdir -p /workspace/source\"; output "}

Showing logs for build [32mpns-si5-al-creditrama-d-1920-cr-km9gq-1[0m stage [32mfrom-build-pack[0m and container [32mstep-place-tools[0m

Showing logs for build [32mpns-si5-al-creditrama-d-1920-cr-km9gq-1[0m stage [32mfrom-build-pack[0m and container [32mstep-git-source-pns-si5-al-creditrama-d-1920-cr-z4vhl[0m
{"level":"warn","ts":1579538077.9012706,"logger":"fallback-logger","caller":"logging/config.go:69","msg":"Fetch GitHub commit ID from kodata failed: \"ref: refs/heads/0.8.0-**-support-backwards-incompats\" is not a valid GitHub commit ID"}
{"level":"info","ts":1579538079.398633,"logger":"fallback-logger","caller":"git/git.go:103","msg":"Successfully cloned https://github.com/pns-si5-al-creditrama-d-1920/creditrama-team-d-client-service.git @ v0.0.1 in path /workspace/source"}

Showing logs for build [32mpns-si5-al-creditrama-d-1920-cr-km9gq-1[0m stage [32mfrom-build-pack[0m and container [32mstep-git-merge[0m
Using SHAs from PULL_REFS=master:6c4950343c8f2ab4642d3b4f67ed6e420c1cb0f2
WARNING: no SHAs to merge, falling back to initial cloned commit

Showing logs for build [32mpns-si5-al-creditrama-d-1920-cr-km9gq-1[0m stage [32mfrom-build-pack[0m and container [32mstep-setup-jx-git-credentials[0m
Generated Git credentials file /workspace/xdg_config/git/credentials

Showing logs for build [32mpns-si5-al-creditrama-d-1920-cr-km9gq-1[0m stage [32mfrom-build-pack[0m and container [32mstep-build-mvn-deploy[0m
Picked up _JAVA_OPTIONS: -XX:+UnlockExperimentalVMOptions -XX:+UseCGroupMemoryLimitForHeap -Dsun.zip.disableMemoryMapping=true -XX:+UseParallelGC -XX:MinHeapFreeRatio=5 -XX:MaxHeapFreeRatio=10 -XX:GCTimeRatio=4 -XX:AdaptiveSizePolicyWeight=90 -Xms10m -Xmx192m
OpenJDK 64-Bit Server VM warning: If the number of processors is expected to increase from one, then you should configure the number of parallel GC threads appropriately using -XX:ParallelGCThreads=N
[INFO] Scanning for projects...
[INFO] 
[INFO] ------< fr.unice.polytech.si5.al.creditrama.teamd:clientservice >-------
[INFO] Building client-service 0.0.1
[INFO] --------------------------------[ jar ]---------------------------------
[INFO] 
[INFO] --- maven-clean-plugin:3.1.0:clean (default-clean) @ clientservice ---
[INFO] 
[INFO] --- maven-resources-plugin:3.1.0:resources (default-resources) @ clientservice ---
[INFO] Using 'UTF-8' encoding to copy filtered resources.
[INFO] Copying 1 resource
[INFO] 
[INFO] --- maven-compiler-plugin:3.8.1:compile (default-compile) @ clientservice ---
[INFO] Changes detected - recompiling the module!
[INFO] Compiling 26 source files to /workspace/source/target/classes
[INFO] 
[INFO] --- maven-resources-plugin:3.1.0:testResources (default-testResources) @ clientservice ---
[INFO] Using 'UTF-8' encoding to copy filtered resources.
[INFO] Copying 1 resource
[INFO] 
[INFO] --- maven-compiler-plugin:3.8.1:testCompile (default-testCompile) @ clientservice ---
[INFO] Changes detected - recompiling the module!
[INFO] Compiling 1 source file to /workspace/source/target/test-classes
[INFO] 
[INFO] --- maven-surefire-plugin:3.0.0-M1:test (default-test) @ clientservice ---
[INFO] 
[INFO] -------------------------------------------------------
[INFO]  T E S T S
[INFO] -------------------------------------------------------
[INFO] Running fr.unice.polytech.si5.al.creditrama.teamd.clientservice.ClientServiceBusinessTests
16:38:04.005 [main] DEBUG org.springframework.test.context.junit4.SpringJUnit4ClassRunner - SpringJUnit4ClassRunner constructor called with [class fr.unice.polytech.si5.al.creditrama.teamd.clientservice.ClientServiceBusinessTests]
16:38:04.010 [main] DEBUG org.springframework.test.context.BootstrapUtils - Instantiating CacheAwareContextLoaderDelegate from class [org.springframework.test.context.cache.DefaultCacheAwareContextLoaderDelegate]
16:38:04.020 [main] DEBUG org.springframework.test.context.BootstrapUtils - Instantiating BootstrapContext using constructor [public org.springframework.test.context.support.DefaultBootstrapContext(java.lang.Class,org.springframework.test.context.CacheAwareContextLoaderDelegate)]
16:38:04.096 [main] DEBUG org.springframework.test.context.BootstrapUtils - Instantiating TestContextBootstrapper for test class [fr.unice.polytech.si5.al.creditrama.teamd.clientservice.ClientServiceBusinessTests] from class [org.springframework.boot.test.context.SpringBootTestContextBootstrapper]
16:38:04.111 [main] INFO org.springframework.boot.test.context.SpringBootTestContextBootstrapper - Neither @ContextConfiguration nor @ContextHierarchy found for test class [fr.unice.polytech.si5.al.creditrama.teamd.clientservice.ClientServiceBusinessTests], using SpringBootContextLoader
16:38:04.115 [main] DEBUG org.springframework.test.context.support.AbstractContextLoader - Did not detect default resource location for test class [fr.unice.polytech.si5.al.creditrama.teamd.clientservice.ClientServiceBusinessTests]: class path resource [fr/unice/polytech/si5/al/creditrama/teamd/clientservice/ClientServiceBusinessTests-context.xml] does not exist
16:38:04.116 [main] DEBUG org.springframework.test.context.support.AbstractContextLoader - Did not detect default resource location for test class [fr.unice.polytech.si5.al.creditrama.teamd.clientservice.ClientServiceBusinessTests]: class path resource [fr/unice/polytech/si5/al/creditrama/teamd/clientservice/ClientServiceBusinessTestsContext.groovy] does not exist
16:38:04.117 [main] INFO org.springframework.test.context.support.AbstractContextLoader - Could not detect default resource locations for test class [fr.unice.polytech.si5.al.creditrama.teamd.clientservice.ClientServiceBusinessTests]: no resource found for suffixes {-context.xml, Context.groovy}.
16:38:04.118 [main] INFO org.springframework.test.context.support.AnnotationConfigContextLoaderUtils - Could not detect default configuration classes for test class [fr.unice.polytech.si5.al.creditrama.teamd.clientservice.ClientServiceBusinessTests]: ClientServiceBusinessTests does not declare any static, non-private, non-final, nested classes annotated with @Configuration.
16:38:04.404 [main] DEBUG org.springframework.context.annotation.ClassPathScanningCandidateComponentProvider - Identified candidate component class: file [/workspace/source/target/classes/fr/unice/polytech/si5/al/creditrama/teamd/clientservice/ClientServiceApplication.class]
16:38:04.405 [main] INFO org.springframework.boot.test.context.SpringBootTestContextBootstrapper - Found @SpringBootConfiguration fr.unice.polytech.si5.al.creditrama.teamd.clientservice.ClientServiceApplication for test class fr.unice.polytech.si5.al.creditrama.teamd.clientservice.ClientServiceBusinessTests
16:38:04.591 [main] DEBUG org.springframework.boot.test.context.SpringBootTestContextBootstrapper - @TestExecutionListeners is not present for class [fr.unice.polytech.si5.al.creditrama.teamd.clientservice.ClientServiceBusinessTests]: using defaults.
16:38:04.591 [main] INFO org.springframework.boot.test.context.SpringBootTestContextBootstrapper - Loaded default TestExecutionListener class names from location [META-INF/spring.factories]: [org.springframework.boot.test.mock.mockito.MockitoTestExecutionListener, org.springframework.boot.test.mock.mockito.ResetMocksTestExecutionListener, org.springframework.boot.test.autoconfigure.restdocs.RestDocsTestExecutionListener, org.springframework.boot.test.autoconfigure.web.client.MockRestServiceServerResetTestExecutionListener, org.springframework.boot.test.autoconfigure.web.servlet.MockMvcPrintOnlyOnFailureTestExecutionListener, org.springframework.boot.test.autoconfigure.web.servlet.WebDriverTestExecutionListener, org.springframework.test.context.web.ServletTestExecutionListener, org.springframework.test.context.support.DirtiesContextBeforeModesTestExecutionListener, org.springframework.test.context.support.DependencyInjectionTestExecutionListener, org.springframework.test.context.support.DirtiesContextTestExecutionListener, org.springframework.test.context.transaction.TransactionalTestExecutionListener, org.springframework.test.context.jdbc.SqlScriptsTestExecutionListener]
16:38:04.606 [main] INFO org.springframework.boot.test.context.SpringBootTestContextBootstrapper - Using TestExecutionListeners: [org.springframework.test.context.web.ServletTestExecutionListener@5fbe4146, org.springframework.test.context.support.DirtiesContextBeforeModesTestExecutionListener@1e66f1f5, org.springframework.boot.test.mock.mockito.MockitoTestExecutionListener@4e50c791, org.springframework.boot.test.autoconfigure.SpringBootDependencyInjectionTestExecutionListener@7530ad9c, org.springframework.test.context.support.DirtiesContextTestExecutionListener@58a9760d, org.springframework.test.context.transaction.TransactionalTestExecutionListener@71e9ddb4, org.springframework.test.context.jdbc.SqlScriptsTestExecutionListener@394df057, org.springframework.boot.test.mock.mockito.ResetMocksTestExecutionListener@4961f6af, org.springframework.boot.test.autoconfigure.restdocs.RestDocsTestExecutionListener@5aebe890, org.springframework.boot.test.autoconfigure.web.client.MockRestServiceServerResetTestExecutionListener@65d09a04, org.springframework.boot.test.autoconfigure.web.servlet.MockMvcPrintOnlyOnFailureTestExecutionListener@33c911a1, org.springframework.boot.test.autoconfigure.web.servlet.WebDriverTestExecutionListener@75db5df9]
16:38:04.607 [main] DEBUG org.springframework.test.annotation.ProfileValueUtils - Retrieved @ProfileValueSourceConfiguration [null] for test class [fr.unice.polytech.si5.al.creditrama.teamd.clientservice.ClientServiceBusinessTests]
16:38:04.609 [main] DEBUG org.springframework.test.annotation.ProfileValueUtils - Retrieved ProfileValueSource type [class org.springframework.test.annotation.SystemProfileValueSource] for class [fr.unice.polytech.si5.al.creditrama.teamd.clientservice.ClientServiceBusinessTests]
16:38:04.611 [main] DEBUG org.springframework.test.annotation.ProfileValueUtils - Retrieved @ProfileValueSourceConfiguration [null] for test class [fr.unice.polytech.si5.al.creditrama.teamd.clientservice.ClientServiceBusinessTests]
16:38:04.611 [main] DEBUG org.springframework.test.annotation.ProfileValueUtils - Retrieved ProfileValueSource type [class org.springframework.test.annotation.SystemProfileValueSource] for class [fr.unice.polytech.si5.al.creditrama.teamd.clientservice.ClientServiceBusinessTests]
16:38:04.613 [main] DEBUG org.springframework.test.annotation.ProfileValueUtils - Retrieved @ProfileValueSourceConfiguration [null] for test class [fr.unice.polytech.si5.al.creditrama.teamd.clientservice.ClientServiceBusinessTests]
16:38:04.614 [main] DEBUG org.springframework.test.annotation.ProfileValueUtils - Retrieved ProfileValueSource type [class org.springframework.test.annotation.SystemProfileValueSource] for class [fr.unice.polytech.si5.al.creditrama.teamd.clientservice.ClientServiceBusinessTests]
16:38:04.618 [main] DEBUG org.springframework.test.context.support.AbstractDirtiesContextTestExecutionListener - Before test class: context [DefaultTestContext@77f80c04 testClass = ClientServiceBusinessTests, testInstance = [null], testMethod = [null], testException = [null], mergedContextConfiguration = [WebMergedContextConfiguration@1dac5ef testClass = ClientServiceBusinessTests, locations = '{}', classes = '{class fr.unice.polytech.si5.al.creditrama.teamd.clientservice.ClientServiceApplication}', contextInitializerClasses = '[]', activeProfiles = '{disable-kafka}', propertySourceLocations = '{}', propertySourceProperties = '{org.springframework.boot.test.context.SpringBootTestContextBootstrapper=true}', contextCustomizers = set[org.springframework.boot.test.context.filter.ExcludeFilterContextCustomizer@588df31b, org.springframework.boot.test.json.DuplicateJsonObjectContextCustomizerFactory$DuplicateJsonObjectContextCustomizer@7181ae3f, org.springframework.boot.test.mock.mockito.MockitoContextCustomizer@4dbf68b2, org.springframework.boot.test.web.client.TestRestTemplateContextCustomizer@37574691, org.springframework.boot.test.autoconfigure.properties.PropertyMappingContextCustomizer@0, org.springframework.boot.test.autoconfigure.web.servlet.WebDriverContextCustomizerFactory$Customizer@146044d7], resourceBasePath = 'src/main/webapp', contextLoader = 'org.springframework.boot.test.context.SpringBootContextLoader', parent = [null]], attributes = map['org.springframework.test.context.web.ServletTestExecutionListener.activateListener' -> true]], class annotated with @DirtiesContext [false] with mode [null].
16:38:04.619 [main] DEBUG org.springframework.test.annotation.ProfileValueUtils - Retrieved @ProfileValueSourceConfiguration [null] for test class [fr.unice.polytech.si5.al.creditrama.teamd.clientservice.ClientServiceBusinessTests]
16:38:04.619 [main] DEBUG org.springframework.test.annotation.ProfileValueUtils - Retrieved ProfileValueSource type [class org.springframework.test.annotation.SystemProfileValueSource] for class [fr.unice.polytech.si5.al.creditrama.teamd.clientservice.ClientServiceBusinessTests]
16:38:04.708 [main] DEBUG org.springframework.test.context.support.TestPropertySourceUtils - Adding inlined properties to environment: {spring.jmx.enabled=false, org.springframework.boot.test.context.SpringBootTestContextBootstrapper=true, server.port=-1}
2020-01-20 16:38:07.215  INFO 70 --- [           main] trationDelegate$BeanPostProcessorChecker : Bean 'org.springframework.cloud.autoconfigure.ConfigurationPropertiesRebinderAutoConfiguration' of type [org.springframework.cloud.autoconfigure.ConfigurationPropertiesRebinderAutoConfiguration$$EnhancerBySpringCGLIB$$fcea6e0d] is not eligible for getting processed by all BeanPostProcessors (for example: not eligible for auto-proxying)

  .   ____          _            __ _ _
 /\\ / ___'_ __ _ _(_)_ __  __ _ \ \ \ \
( ( )\___ | '_ | '_| | '_ \/ _` | \ \ \ \
 \\/  ___)| |_)| | | | | || (_| |  ) ) ) )
  '  |____| .__|_| |_|_| |_\__, | / / / /
 =========|_|==============|___/=/_/_/_/
 :: Spring Boot ::        (v2.1.9.RELEASE)

2020-01-20 16:38:08.010  INFO 70 --- [           main] u.p.s.a.c.t.c.ClientServiceBusinessTests : The following profiles are active: disable-kafka
2020-01-20 16:38:11.222  INFO 70 --- [           main] .s.d.r.c.RepositoryConfigurationDelegate : Bootstrapping Spring Data repositories in DEFAULT mode.
2020-01-20 16:38:11.792  INFO 70 --- [           main] .s.d.r.c.RepositoryConfigurationDelegate : Finished Spring Data repository scanning in 559ms. Found 2 repository interfaces.
2020-01-20 16:38:13.638  INFO 70 --- [           main] o.s.cloud.context.scope.GenericScope     : BeanFactory id=16ff8a41-aa4d-368f-8531-e5511c5d43b4
2020-01-20 16:38:14.929  INFO 70 --- [           main] faultConfiguringBeanFactoryPostProcessor : No bean named 'errorChannel' has been explicitly defined. Therefore, a default PublishSubscribeChannel will be created.
2020-01-20 16:38:14.985  INFO 70 --- [           main] faultConfiguringBeanFactoryPostProcessor : No bean named 'taskScheduler' has been explicitly defined. Therefore, a default ThreadPoolTaskScheduler will be created.
2020-01-20 16:38:15.007  INFO 70 --- [           main] faultConfiguringBeanFactoryPostProcessor : No bean named 'integrationHeaderChannelRegistry' has been explicitly defined. Therefore, a default DefaultHeaderChannelRegistry will be created.
2020-01-20 16:38:15.227  INFO 70 --- [           main] trationDelegate$BeanPostProcessorChecker : Bean 'org.springframework.kafka.annotation.KafkaBootstrapConfiguration' of type [org.springframework.kafka.annotation.KafkaBootstrapConfiguration$$EnhancerBySpringCGLIB$$b4827c93] is not eligible for getting processed by all BeanPostProcessors (for example: not eligible for auto-proxying)
2020-01-20 16:38:15.398  INFO 70 --- [           main] trationDelegate$BeanPostProcessorChecker : Bean 'org.springframework.transaction.annotation.ProxyTransactionManagementConfiguration' of type [org.springframework.transaction.annotation.ProxyTransactionManagementConfiguration$$EnhancerBySpringCGLIB$$e0d06b10] is not eligible for getting processed by all BeanPostProcessors (for example: not eligible for auto-proxying)
2020-01-20 16:38:15.514  INFO 70 --- [           main] trationDelegate$BeanPostProcessorChecker : Bean 'org.springframework.integration.config.IntegrationManagementConfiguration' of type [org.springframework.integration.config.IntegrationManagementConfiguration$$EnhancerBySpringCGLIB$$4bc2263f] is not eligible for getting processed by all BeanPostProcessors (for example: not eligible for auto-proxying)
2020-01-20 16:38:15.594  INFO 70 --- [           main] trationDelegate$BeanPostProcessorChecker : Bean 'integrationDisposableAutoCreatedBeans' of type [org.springframework.integration.config.annotation.Disposables] is not eligible for getting processed by all BeanPostProcessors (for example: not eligible for auto-proxying)
2020-01-20 16:38:15.711  INFO 70 --- [           main] trationDelegate$BeanPostProcessorChecker : Bean 'org.springframework.cloud.autoconfigure.ConfigurationPropertiesRebinderAutoConfiguration' of type [org.springframework.cloud.autoconfigure.ConfigurationPropertiesRebinderAutoConfiguration$$EnhancerBySpringCGLIB$$fcea6e0d] is not eligible for getting processed by all BeanPostProcessors (for example: not eligible for auto-proxying)
2020-01-20 16:38:16.693  INFO 70 --- [           main] com.zaxxer.hikari.HikariDataSource       : HikariPool-1 - Starting...
2020-01-20 16:38:17.110  INFO 70 --- [           main] com.zaxxer.hikari.HikariDataSource       : HikariPool-1 - Start completed.
2020-01-20 16:38:17.389  INFO 70 --- [           main] o.hibernate.jpa.internal.util.LogHelper  : HHH000204: Processing PersistenceUnitInfo [
	name: default
	...]
2020-01-20 16:38:17.697  INFO 70 --- [           main] org.hibernate.Version                    : HHH000412: Hibernate Core {5.3.12.Final}
2020-01-20 16:38:17.699  INFO 70 --- [           main] org.hibernate.cfg.Environment            : HHH000206: hibernate.properties not found
2020-01-20 16:38:17.797  INFO 70 --- [           main] o.hibernate.annotations.common.Version   : HCANN000001: Hibernate Commons Annotations {5.0.4.Final}
2020-01-20 16:38:18.045  INFO 70 --- [           main] org.hibernate.dialect.Dialect            : HHH000400: Using dialect: org.hibernate.dialect.H2Dialect
2020-01-20 16:38:18.305  WARN 70 --- [           main] org.hibernate.cfg.AnnotationBinder       : HHH000138: Mixing inheritance strategy in a entity hierarchy is not allowed, ignoring sub strategy in: fr.unice.polytech.si5.al.creditrama.teamd.clientservice.model.Client
2020-01-20 16:38:19.795  INFO 70 --- [           main] o.h.t.schema.internal.SchemaCreatorImpl  : HHH000476: Executing import script 'org.hibernate.tool.schema.internal.exec.ScriptSourceInputNonExistentImpl@20a9fb01'
2020-01-20 16:38:19.799  INFO 70 --- [           main] j.LocalContainerEntityManagerFactoryBean : Initialized JPA EntityManagerFactory for persistence unit 'default'
2020-01-20 16:38:22.932  WARN 70 --- [           main] aWebConfiguration$JpaWebMvcConfiguration : spring.jpa.open-in-view is enabled by default. Therefore, database queries may be performed during view rendering. Explicitly configure spring.jpa.open-in-view to disable this warning
2020-01-20 16:38:24.705  INFO 70 --- [           main] o.s.b.a.e.web.EndpointLinksResolver      : Exposing 2 endpoint(s) beneath base path '/actuator'
2020-01-20 16:38:25.186  INFO 70 --- [           main] pertySourcedRequestMappingHandlerMapping : Mapped URL path [/v2/api-docs] onto method [public org.springframework.http.ResponseEntity<springfox.documentation.spring.web.json.Json> springfox.documentation.swagger2.web.Swagger2Controller.getDocumentation(java.lang.String,javax.servlet.http.HttpServletRequest)]
2020-01-20 16:38:25.982  WARN 70 --- [           main] o.s.c.n.a.ArchaiusAutoConfiguration      : No spring.application.name found, defaulting to 'application'
2020-01-20 16:38:25.987  WARN 70 --- [           main] c.n.c.sources.URLConfigurationSource     : No URLs will be polled as dynamic configuration sources.
2020-01-20 16:38:25.987  INFO 70 --- [           main] c.n.c.sources.URLConfigurationSource     : To enable URLs as dynamic configuration sources, define System property archaius.configurationSource.additionalUrls or make config.properties available on classpath.
2020-01-20 16:38:25.992  WARN 70 --- [           main] c.n.c.sources.URLConfigurationSource     : No URLs will be polled as dynamic configuration sources.
2020-01-20 16:38:25.992  INFO 70 --- [           main] c.n.c.sources.URLConfigurationSource     : To enable URLs as dynamic configuration sources, define System property archaius.configurationSource.additionalUrls or make config.properties available on classpath.
2020-01-20 16:38:27.123  INFO 70 --- [           main] o.s.s.concurrent.ThreadPoolTaskExecutor  : Initializing ExecutorService 'applicationTaskExecutor'
2020-01-20 16:38:28.716  INFO 70 --- [           main] .s.s.UserDetailsServiceAutoConfiguration : 

Using generated security password: 3b2390e3-1234-4e24-93f4-25bfa39a5220

2020-01-20 16:38:29.226  INFO 70 --- [           main] o.s.s.web.DefaultSecurityFilterChain     : Creating filter chain: Ant [pattern='/v2/api-docs'], []
2020-01-20 16:38:29.226  INFO 70 --- [           main] o.s.s.web.DefaultSecurityFilterChain     : Creating filter chain: Ant [pattern='/configuration/ui'], []
2020-01-20 16:38:29.226  INFO 70 --- [           main] o.s.s.web.DefaultSecurityFilterChain     : Creating filter chain: Ant [pattern='/swagger-resources/**'], []
2020-01-20 16:38:29.226  INFO 70 --- [           main] o.s.s.web.DefaultSecurityFilterChain     : Creating filter chain: Ant [pattern='/configuration/security'], []
2020-01-20 16:38:29.226  INFO 70 --- [           main] o.s.s.web.DefaultSecurityFilterChain     : Creating filter chain: Ant [pattern='/swagger-ui.html'], []
2020-01-20 16:38:29.227  INFO 70 --- [           main] o.s.s.web.DefaultSecurityFilterChain     : Creating filter chain: Ant [pattern='/webjars/**'], []
2020-01-20 16:38:29.227  INFO 70 --- [           main] o.s.s.web.DefaultSecurityFilterChain     : Creating filter chain: Ant [pattern='/register'], []
2020-01-20 16:38:29.227  INFO 70 --- [           main] o.s.s.web.DefaultSecurityFilterChain     : Creating filter chain: Ant [pattern='/dump'], []
2020-01-20 16:38:29.427  INFO 70 --- [           main] o.s.s.web.DefaultSecurityFilterChain     : Creating filter chain: any request, [org.springframework.security.web.context.request.async.WebAsyncManagerIntegrationFilter@62536882, org.springframework.security.web.context.SecurityContextPersistenceFilter@5fa3df, org.springframework.security.web.header.HeaderWriterFilter@12a7515b, org.springframework.security.web.authentication.logout.LogoutFilter@3fae357f, org.springframework.security.oauth2.provider.authentication.OAuth2AuthenticationProcessingFilter@78a0d664, org.springframework.security.web.savedrequest.RequestCacheAwareFilter@3b1a3125, org.springframework.security.web.servletapi.SecurityContextHolderAwareRequestFilter@4d0e6424, org.springframework.security.web.authentication.AnonymousAuthenticationFilter@1e9d6c78, org.springframework.security.web.session.SessionManagementFilter@2ded31cc, org.springframework.security.web.access.ExceptionTranslationFilter@33b4c775, org.springframework.security.web.access.intercept.FilterSecurityInterceptor@60655642]
2020-01-20 16:38:29.531  INFO 70 --- [           main] o.s.s.web.DefaultSecurityFilterChain     : Creating filter chain: any request, [org.springframework.security.web.context.request.async.WebAsyncManagerIntegrationFilter@2eed6331, org.springframework.security.web.context.SecurityContextPersistenceFilter@3e8eea59, org.springframework.security.web.header.HeaderWriterFilter@76ccde41, org.springframework.security.web.csrf.CsrfFilter@5cbebfba, org.springframework.security.web.authentication.logout.LogoutFilter@49b6373f, org.springframework.security.web.authentication.UsernamePasswordAuthenticationFilter@1cf7c055, org.springframework.security.web.authentication.ui.DefaultLoginPageGeneratingFilter@67b1c3af, org.springframework.security.web.authentication.ui.DefaultLogoutPageGeneratingFilter@1254a3cd, org.springframework.security.web.authentication.www.BasicAuthenticationFilter@3074575a, org.springframework.security.web.savedrequest.RequestCacheAwareFilter@1fb379e4, org.springframework.security.web.servletapi.SecurityContextHolderAwareRequestFilter@f9d8285, org.springframework.security.web.authentication.AnonymousAuthenticationFilter@88e85a, org.springframework.security.web.session.SessionManagementFilter@5f26fc4d, org.springframework.security.web.access.ExceptionTranslationFilter@58df2864, org.springframework.security.web.access.intercept.FilterSecurityInterceptor@39f3285d]
2020-01-20 16:38:31.388  INFO 70 --- [           main] o.s.s.c.ThreadPoolTaskScheduler          : Initializing ExecutorService 'taskScheduler'
2020-01-20 16:38:31.586  INFO 70 --- [           main] o.s.i.endpoint.EventDrivenConsumer       : Adding {logging-channel-adapter:_org.springframework.integration.errorLogger} as a subscriber to the 'errorChannel' channel
2020-01-20 16:38:31.586  INFO 70 --- [           main] o.s.i.channel.PublishSubscribeChannel    : Channel 'application-1.errorChannel' has 1 subscriber(s).
2020-01-20 16:38:31.586  INFO 70 --- [           main] o.s.i.endpoint.EventDrivenConsumer       : started _org.springframework.integration.errorLogger
2020-01-20 16:38:31.586  INFO 70 --- [           main] d.s.w.p.DocumentationPluginsBootstrapper : Context refreshed
2020-01-20 16:38:31.607  INFO 70 --- [           main] d.s.w.p.DocumentationPluginsBootstrapper : Found 1 custom documentation plugin(s)
2020-01-20 16:38:31.706  INFO 70 --- [           main] s.d.s.w.s.ApiListingReferenceScanner     : Scanning for api listing references
2020-01-20 16:38:31.806  INFO 70 --- [           main] u.p.s.a.c.t.c.ClientServiceBusinessTests : Started ClientServiceBusinessTests in 27.081 seconds (JVM running for 28.87)
2020-01-20 16:38:31.899  INFO 70 --- [           main] o.s.t.c.transaction.TransactionContext   : Began transaction (1) for test context [DefaultTestContext@77f80c04 testClass = ClientServiceBusinessTests, testInstance = fr.unice.polytech.si5.al.creditrama.teamd.clientservice.ClientServiceBusinessTests@449f9628, testMethod = transferToRecipient@ClientServiceBusinessTests, testException = [null], mergedContextConfiguration = [WebMergedContextConfiguration@1dac5ef testClass = ClientServiceBusinessTests, locations = '{}', classes = '{class fr.unice.polytech.si5.al.creditrama.teamd.clientservice.ClientServiceApplication}', contextInitializerClasses = '[]', activeProfiles = '{disable-kafka}', propertySourceLocations = '{}', propertySourceProperties = '{org.springframework.boot.test.context.SpringBootTestContextBootstrapper=true}', contextCustomizers = set[org.springframework.boot.test.context.filter.ExcludeFilterContextCustomizer@588df31b, org.springframework.boot.test.json.DuplicateJsonObjectContextCustomizerFactory$DuplicateJsonObjectContextCustomizer@7181ae3f, org.springframework.boot.test.mock.mockito.MockitoContextCustomizer@4dbf68b2, org.springframework.boot.test.web.client.TestRestTemplateContextCustomizer@37574691, org.springframework.boot.test.autoconfigure.properties.PropertyMappingContextCustomizer@0, org.springframework.boot.test.autoconfigure.web.servlet.WebDriverContextCustomizerFactory$Customizer@146044d7], resourceBasePath = 'src/main/webapp', contextLoader = 'org.springframework.boot.test.context.SpringBootContextLoader', parent = [null]], attributes = map['org.springframework.test.context.web.ServletTestExecutionListener.activateListener' -> true, 'org.springframework.test.context.web.ServletTestExecutionListener.populatedRequestContextHolder' -> true, 'org.springframework.test.context.web.ServletTestExecutionListener.resetRequestContextHolder' -> true]]; transaction manager [org.springframework.orm.jpa.JpaTransactionManager@2926f7bd]; rollback [true]
2020-01-20 16:38:32.085  INFO 70 --- [           main] o.h.h.i.QueryTranslatorFactoryInitiator  : HHH000397: Using ASTQueryTranslatorFactory
2020-01-20 16:38:32.387  INFO 70 --- [           main] o.s.t.c.transaction.TransactionContext   : Rolled back transaction for test: [DefaultTestContext@77f80c04 testClass = ClientServiceBusinessTests, testInstance = fr.unice.polytech.si5.al.creditrama.teamd.clientservice.ClientServiceBusinessTests@449f9628, testMethod = transferToRecipient@ClientServiceBusinessTests, testException = [null], mergedContextConfiguration = [WebMergedContextConfiguration@1dac5ef testClass = ClientServiceBusinessTests, locations = '{}', classes = '{class fr.unice.polytech.si5.al.creditrama.teamd.clientservice.ClientServiceApplication}', contextInitializerClasses = '[]', activeProfiles = '{disable-kafka}', propertySourceLocations = '{}', propertySourceProperties = '{org.springframework.boot.test.context.SpringBootTestContextBootstrapper=true}', contextCustomizers = set[org.springframework.boot.test.context.filter.ExcludeFilterContextCustomizer@588df31b, org.springframework.boot.test.json.DuplicateJsonObjectContextCustomizerFactory$DuplicateJsonObjectContextCustomizer@7181ae3f, org.springframework.boot.test.mock.mockito.MockitoContextCustomizer@4dbf68b2, org.springframework.boot.test.web.client.TestRestTemplateContextCustomizer@37574691, org.springframework.boot.test.autoconfigure.properties.PropertyMappingContextCustomizer@0, org.springframework.boot.test.autoconfigure.web.servlet.WebDriverContextCustomizerFactory$Customizer@146044d7], resourceBasePath = 'src/main/webapp', contextLoader = 'org.springframework.boot.test.context.SpringBootContextLoader', parent = [null]], attributes = map['org.springframework.test.context.web.ServletTestExecutionListener.activateListener' -> true, 'org.springframework.test.context.web.ServletTestExecutionListener.populatedRequestContextHolder' -> true, 'org.springframework.test.context.web.ServletTestExecutionListener.resetRequestContextHolder' -> true]]
2020-01-20 16:38:32.389  INFO 70 --- [           main] o.s.t.c.transaction.TransactionContext   : Began transaction (1) for test context [DefaultTestContext@77f80c04 testClass = ClientServiceBusinessTests, testInstance = fr.unice.polytech.si5.al.creditrama.teamd.clientservice.ClientServiceBusinessTests@6b9b9cb9, testMethod = manageRecipients@ClientServiceBusinessTests, testException = [null], mergedContextConfiguration = [WebMergedContextConfiguration@1dac5ef testClass = ClientServiceBusinessTests, locations = '{}', classes = '{class fr.unice.polytech.si5.al.creditrama.teamd.clientservice.ClientServiceApplication}', contextInitializerClasses = '[]', activeProfiles = '{disable-kafka}', propertySourceLocations = '{}', propertySourceProperties = '{org.springframework.boot.test.context.SpringBootTestContextBootstrapper=true}', contextCustomizers = set[org.springframework.boot.test.context.filter.ExcludeFilterContextCustomizer@588df31b, org.springframework.boot.test.json.DuplicateJsonObjectContextCustomizerFactory$DuplicateJsonObjectContextCustomizer@7181ae3f, org.springframework.boot.test.mock.mockito.MockitoContextCustomizer@4dbf68b2, org.springframework.boot.test.web.client.TestRestTemplateContextCustomizer@37574691, org.springframework.boot.test.autoconfigure.properties.PropertyMappingContextCustomizer@0, org.springframework.boot.test.autoconfigure.web.servlet.WebDriverContextCustomizerFactory$Customizer@146044d7], resourceBasePath = 'src/main/webapp', contextLoader = 'org.springframework.boot.test.context.SpringBootContextLoader', parent = [null]], attributes = map['org.springframework.test.context.web.ServletTestExecutionListener.activateListener' -> true, 'org.springframework.test.context.web.ServletTestExecutionListener.populatedRequestContextHolder' -> true, 'org.springframework.test.context.web.ServletTestExecutionListener.resetRequestContextHolder' -> true]]; transaction manager [org.springframework.orm.jpa.JpaTransactionManager@2926f7bd]; rollback [true]
2020-01-20 16:38:32.398  INFO 70 --- [           main] o.s.t.c.transaction.TransactionContext   : Rolled back transaction for test: [DefaultTestContext@77f80c04 testClass = ClientServiceBusinessTests, testInstance = fr.unice.polytech.si5.al.creditrama.teamd.clientservice.ClientServiceBusinessTests@6b9b9cb9, testMethod = manageRecipients@ClientServiceBusinessTests, testException = [null], mergedContextConfiguration = [WebMergedContextConfiguration@1dac5ef testClass = ClientServiceBusinessTests, locations = '{}', classes = '{class fr.unice.polytech.si5.al.creditrama.teamd.clientservice.ClientServiceApplication}', contextInitializerClasses = '[]', activeProfiles = '{disable-kafka}', propertySourceLocations = '{}', propertySourceProperties = '{org.springframework.boot.test.context.SpringBootTestContextBootstrapper=true}', contextCustomizers = set[org.springframework.boot.test.context.filter.ExcludeFilterContextCustomizer@588df31b, org.springframework.boot.test.json.DuplicateJsonObjectContextCustomizerFactory$DuplicateJsonObjectContextCustomizer@7181ae3f, org.springframework.boot.test.mock.mockito.MockitoContextCustomizer@4dbf68b2, org.springframework.boot.test.web.client.TestRestTemplateContextCustomizer@37574691, org.springframework.boot.test.autoconfigure.properties.PropertyMappingContextCustomizer@0, org.springframework.boot.test.autoconfigure.web.servlet.WebDriverContextCustomizerFactory$Customizer@146044d7], resourceBasePath = 'src/main/webapp', contextLoader = 'org.springframework.boot.test.context.SpringBootContextLoader', parent = [null]], attributes = map['org.springframework.test.context.web.ServletTestExecutionListener.activateListener' -> true, 'org.springframework.test.context.web.ServletTestExecutionListener.populatedRequestContextHolder' -> true, 'org.springframework.test.context.web.ServletTestExecutionListener.resetRequestContextHolder' -> true]]
2020-01-20 16:38:32.399  INFO 70 --- [           main] o.s.t.c.transaction.TransactionContext   : Began transaction (1) for test context [DefaultTestContext@77f80c04 testClass = ClientServiceBusinessTests, testInstance = fr.unice.polytech.si5.al.creditrama.teamd.clientservice.ClientServiceBusinessTests@75937998, testMethod = transferToSameAccount@ClientServiceBusinessTests, testException = [null], mergedContextConfiguration = [WebMergedContextConfiguration@1dac5ef testClass = ClientServiceBusinessTests, locations = '{}', classes = '{class fr.unice.polytech.si5.al.creditrama.teamd.clientservice.ClientServiceApplication}', contextInitializerClasses = '[]', activeProfiles = '{disable-kafka}', propertySourceLocations = '{}', propertySourceProperties = '{org.springframework.boot.test.context.SpringBootTestContextBootstrapper=true}', contextCustomizers = set[org.springframework.boot.test.context.filter.ExcludeFilterContextCustomizer@588df31b, org.springframework.boot.test.json.DuplicateJsonObjectContextCustomizerFactory$DuplicateJsonObjectContextCustomizer@7181ae3f, org.springframework.boot.test.mock.mockito.MockitoContextCustomizer@4dbf68b2, org.springframework.boot.test.web.client.TestRestTemplateContextCustomizer@37574691, org.springframework.boot.test.autoconfigure.properties.PropertyMappingContextCustomizer@0, org.springframework.boot.test.autoconfigure.web.servlet.WebDriverContextCustomizerFactory$Customizer@146044d7], resourceBasePath = 'src/main/webapp', contextLoader = 'org.springframework.boot.test.context.SpringBootContextLoader', parent = [null]], attributes = map['org.springframework.test.context.web.ServletTestExecutionListener.activateListener' -> true, 'org.springframework.test.context.web.ServletTestExecutionListener.populatedRequestContextHolder' -> true, 'org.springframework.test.context.web.ServletTestExecutionListener.resetRequestContextHolder' -> true]]; transaction manager [org.springframework.orm.jpa.JpaTransactionManager@2926f7bd]; rollback [true]
2020-01-20 16:38:32.405  INFO 70 --- [           main] o.s.t.c.transaction.TransactionContext   : Rolled back transaction for test: [DefaultTestContext@77f80c04 testClass = ClientServiceBusinessTests, testInstance = fr.unice.polytech.si5.al.creditrama.teamd.clientservice.ClientServiceBusinessTests@75937998, testMethod = transferToSameAccount@ClientServiceBusinessTests, testException = [null], mergedContextConfiguration = [WebMergedContextConfiguration@1dac5ef testClass = ClientServiceBusinessTests, locations = '{}', classes = '{class fr.unice.polytech.si5.al.creditrama.teamd.clientservice.ClientServiceApplication}', contextInitializerClasses = '[]', activeProfiles = '{disable-kafka}', propertySourceLocations = '{}', propertySourceProperties = '{org.springframework.boot.test.context.SpringBootTestContextBootstrapper=true}', contextCustomizers = set[org.springframework.boot.test.context.filter.ExcludeFilterContextCustomizer@588df31b, org.springframework.boot.test.json.DuplicateJsonObjectContextCustomizerFactory$DuplicateJsonObjectContextCustomizer@7181ae3f, org.springframework.boot.test.mock.mockito.MockitoContextCustomizer@4dbf68b2, org.springframework.boot.test.web.client.TestRestTemplateContextCustomizer@37574691, org.springframework.boot.test.autoconfigure.properties.PropertyMappingContextCustomizer@0, org.springframework.boot.test.autoconfigure.web.servlet.WebDriverContextCustomizerFactory$Customizer@146044d7], resourceBasePath = 'src/main/webapp', contextLoader = 'org.springframework.boot.test.context.SpringBootContextLoader', parent = [null]], attributes = map['org.springframework.test.context.web.ServletTestExecutionListener.activateListener' -> true, 'org.springframework.test.context.web.ServletTestExecutionListener.populatedRequestContextHolder' -> true, 'org.springframework.test.context.web.ServletTestExecutionListener.resetRequestContextHolder' -> true]]
2020-01-20 16:38:32.406  INFO 70 --- [           main] o.s.t.c.transaction.TransactionContext   : Began transaction (1) for test context [DefaultTestContext@77f80c04 testClass = ClientServiceBusinessTests, testInstance = fr.unice.polytech.si5.al.creditrama.teamd.clientservice.ClientServiceBusinessTests@b67b359, testMethod = transferToNonRecipient@ClientServiceBusinessTests, testException = [null], mergedContextConfiguration = [WebMergedContextConfiguration@1dac5ef testClass = ClientServiceBusinessTests, locations = '{}', classes = '{class fr.unice.polytech.si5.al.creditrama.teamd.clientservice.ClientServiceApplication}', contextInitializerClasses = '[]', activeProfiles = '{disable-kafka}', propertySourceLocations = '{}', propertySourceProperties = '{org.springframework.boot.test.context.SpringBootTestContextBootstrapper=true}', contextCustomizers = set[org.springframework.boot.test.context.filter.ExcludeFilterContextCustomizer@588df31b, org.springframework.boot.test.json.DuplicateJsonObjectContextCustomizerFactory$DuplicateJsonObjectContextCustomizer@7181ae3f, org.springframework.boot.test.mock.mockito.MockitoContextCustomizer@4dbf68b2, org.springframework.boot.test.web.client.TestRestTemplateContextCustomizer@37574691, org.springframework.boot.test.autoconfigure.properties.PropertyMappingContextCustomizer@0, org.springframework.boot.test.autoconfigure.web.servlet.WebDriverContextCustomizerFactory$Customizer@146044d7], resourceBasePath = 'src/main/webapp', contextLoader = 'org.springframework.boot.test.context.SpringBootContextLoader', parent = [null]], attributes = map['org.springframework.test.context.web.ServletTestExecutionListener.activateListener' -> true, 'org.springframework.test.context.web.ServletTestExecutionListener.populatedRequestContextHolder' -> true, 'org.springframework.test.context.web.ServletTestExecutionListener.resetRequestContextHolder' -> true]]; transaction manager [org.springframework.orm.jpa.JpaTransactionManager@2926f7bd]; rollback [true]
2020-01-20 16:38:32.412  INFO 70 --- [           main] o.s.t.c.transaction.TransactionContext   : Rolled back transaction for test: [DefaultTestContext@77f80c04 testClass = ClientServiceBusinessTests, testInstance = fr.unice.polytech.si5.al.creditrama.teamd.clientservice.ClientServiceBusinessTests@b67b359, testMethod = transferToNonRecipient@ClientServiceBusinessTests, testException = [null], mergedContextConfiguration = [WebMergedContextConfiguration@1dac5ef testClass = ClientServiceBusinessTests, locations = '{}', classes = '{class fr.unice.polytech.si5.al.creditrama.teamd.clientservice.ClientServiceApplication}', contextInitializerClasses = '[]', activeProfiles = '{disable-kafka}', propertySourceLocations = '{}', propertySourceProperties = '{org.springframework.boot.test.context.SpringBootTestContextBootstrapper=true}', contextCustomizers = set[org.springframework.boot.test.context.filter.ExcludeFilterContextCustomizer@588df31b, org.springframework.boot.test.json.DuplicateJsonObjectContextCustomizerFactory$DuplicateJsonObjectContextCustomizer@7181ae3f, org.springframework.boot.test.mock.mockito.MockitoContextCustomizer@4dbf68b2, org.springframework.boot.test.web.client.TestRestTemplateContextCustomizer@37574691, org.springframework.boot.test.autoconfigure.properties.PropertyMappingContextCustomizer@0, org.springframework.boot.test.autoconfigure.web.servlet.WebDriverContextCustomizerFactory$Customizer@146044d7], resourceBasePath = 'src/main/webapp', contextLoader = 'org.springframework.boot.test.context.SpringBootContextLoader', parent = [null]], attributes = map['org.springframework.test.context.web.ServletTestExecutionListener.activateListener' -> true, 'org.springframework.test.context.web.ServletTestExecutionListener.populatedRequestContextHolder' -> true, 'org.springframework.test.context.web.ServletTestExecutionListener.resetRequestContextHolder' -> true]]
2020-01-20 16:38:32.414  INFO 70 --- [           main] o.s.t.c.transaction.TransactionContext   : Began transaction (1) for test context [DefaultTestContext@77f80c04 testClass = ClientServiceBusinessTests, testInstance = fr.unice.polytech.si5.al.creditrama.teamd.clientservice.ClientServiceBusinessTests@2e41e0c, testMethod = invalidTransaction@ClientServiceBusinessTests, testException = [null], mergedContextConfiguration = [WebMergedContextConfiguration@1dac5ef testClass = ClientServiceBusinessTests, locations = '{}', classes = '{class fr.unice.polytech.si5.al.creditrama.teamd.clientservice.ClientServiceApplication}', contextInitializerClasses = '[]', activeProfiles = '{disable-kafka}', propertySourceLocations = '{}', propertySourceProperties = '{org.springframework.boot.test.context.SpringBootTestContextBootstrapper=true}', contextCustomizers = set[org.springframework.boot.test.context.filter.ExcludeFilterContextCustomizer@588df31b, org.springframework.boot.test.json.DuplicateJsonObjectContextCustomizerFactory$DuplicateJsonObjectContextCustomizer@7181ae3f, org.springframework.boot.test.mock.mockito.MockitoContextCustomizer@4dbf68b2, org.springframework.boot.test.web.client.TestRestTemplateContextCustomizer@37574691, org.springframework.boot.test.autoconfigure.properties.PropertyMappingContextCustomizer@0, org.springframework.boot.test.autoconfigure.web.servlet.WebDriverContextCustomizerFactory$Customizer@146044d7], resourceBasePath = 'src/main/webapp', contextLoader = 'org.springframework.boot.test.context.SpringBootContextLoader', parent = [null]], attributes = map['org.springframework.test.context.web.ServletTestExecutionListener.activateListener' -> true, 'org.springframework.test.context.web.ServletTestExecutionListener.populatedRequestContextHolder' -> true, 'org.springframework.test.context.web.ServletTestExecutionListener.resetRequestContextHolder' -> true]]; transaction manager [org.springframework.orm.jpa.JpaTransactionManager@2926f7bd]; rollback [true]
2020-01-20 16:38:32.484  INFO 70 --- [           main] o.s.t.c.transaction.TransactionContext   : Rolled back transaction for test: [DefaultTestContext@77f80c04 testClass = ClientServiceBusinessTests, testInstance = fr.unice.polytech.si5.al.creditrama.teamd.clientservice.ClientServiceBusinessTests@2e41e0c, testMethod = invalidTransaction@ClientServiceBusinessTests, testException = [null], mergedContextConfiguration = [WebMergedContextConfiguration@1dac5ef testClass = ClientServiceBusinessTests, locations = '{}', classes = '{class fr.unice.polytech.si5.al.creditrama.teamd.clientservice.ClientServiceApplication}', contextInitializerClasses = '[]', activeProfiles = '{disable-kafka}', propertySourceLocations = '{}', propertySourceProperties = '{org.springframework.boot.test.context.SpringBootTestContextBootstrapper=true}', contextCustomizers = set[org.springframework.boot.test.context.filter.ExcludeFilterContextCustomizer@588df31b, org.springframework.boot.test.json.DuplicateJsonObjectContextCustomizerFactory$DuplicateJsonObjectContextCustomizer@7181ae3f, org.springframework.boot.test.mock.mockito.MockitoContextCustomizer@4dbf68b2, org.springframework.boot.test.web.client.TestRestTemplateContextCustomizer@37574691, org.springframework.boot.test.autoconfigure.properties.PropertyMappingContextCustomizer@0, org.springframework.boot.test.autoconfigure.web.servlet.WebDriverContextCustomizerFactory$Customizer@146044d7], resourceBasePath = 'src/main/webapp', contextLoader = 'org.springframework.boot.test.context.SpringBootContextLoader', parent = [null]], attributes = map['org.springframework.test.context.web.ServletTestExecutionListener.activateListener' -> true, 'org.springframework.test.context.web.ServletTestExecutionListener.populatedRequestContextHolder' -> true, 'org.springframework.test.context.web.ServletTestExecutionListener.resetRequestContextHolder' -> true]]
2020-01-20 16:38:32.485  INFO 70 --- [           main] o.s.t.c.transaction.TransactionContext   : Began transaction (1) for test context [DefaultTestContext@77f80c04 testClass = ClientServiceBusinessTests, testInstance = fr.unice.polytech.si5.al.creditrama.teamd.clientservice.ClientServiceBusinessTests@65011123, testMethod = manageBankAccountsOfClient@ClientServiceBusinessTests, testException = [null], mergedContextConfiguration = [WebMergedContextConfiguration@1dac5ef testClass = ClientServiceBusinessTests, locations = '{}', classes = '{class fr.unice.polytech.si5.al.creditrama.teamd.clientservice.ClientServiceApplication}', contextInitializerClasses = '[]', activeProfiles = '{disable-kafka}', propertySourceLocations = '{}', propertySourceProperties = '{org.springframework.boot.test.context.SpringBootTestContextBootstrapper=true}', contextCustomizers = set[org.springframework.boot.test.context.filter.ExcludeFilterContextCustomizer@588df31b, org.springframework.boot.test.json.DuplicateJsonObjectContextCustomizerFactory$DuplicateJsonObjectContextCustomizer@7181ae3f, org.springframework.boot.test.mock.mockito.MockitoContextCustomizer@4dbf68b2, org.springframework.boot.test.web.client.TestRestTemplateContextCustomizer@37574691, org.springframework.boot.test.autoconfigure.properties.PropertyMappingContextCustomizer@0, org.springframework.boot.test.autoconfigure.web.servlet.WebDriverContextCustomizerFactory$Customizer@146044d7], resourceBasePath = 'src/main/webapp', contextLoader = 'org.springframework.boot.test.context.SpringBootContextLoader', parent = [null]], attributes = map['org.springframework.test.context.web.ServletTestExecutionListener.activateListener' -> true, 'org.springframework.test.context.web.ServletTestExecutionListener.populatedRequestContextHolder' -> true, 'org.springframework.test.context.web.ServletTestExecutionListener.resetRequestContextHolder' -> true]]; transaction manager [org.springframework.orm.jpa.JpaTransactionManager@2926f7bd]; rollback [true]
2020-01-20 16:38:32.494  INFO 70 --- [           main] o.s.t.c.transaction.TransactionContext   : Rolled back transaction for test: [DefaultTestContext@77f80c04 testClass = ClientServiceBusinessTests, testInstance = fr.unice.polytech.si5.al.creditrama.teamd.clientservice.ClientServiceBusinessTests@65011123, testMethod = manageBankAccountsOfClient@ClientServiceBusinessTests, testException = [null], mergedContextConfiguration = [WebMergedContextConfiguration@1dac5ef testClass = ClientServiceBusinessTests, locations = '{}', classes = '{class fr.unice.polytech.si5.al.creditrama.teamd.clientservice.ClientServiceApplication}', contextInitializerClasses = '[]', activeProfiles = '{disable-kafka}', propertySourceLocations = '{}', propertySourceProperties = '{org.springframework.boot.test.context.SpringBootTestContextBootstrapper=true}', contextCustomizers = set[org.springframework.boot.test.context.filter.ExcludeFilterContextCustomizer@588df31b, org.springframework.boot.test.json.DuplicateJsonObjectContextCustomizerFactory$DuplicateJsonObjectContextCustomizer@7181ae3f, org.springframework.boot.test.mock.mockito.MockitoContextCustomizer@4dbf68b2, org.springframework.boot.test.web.client.TestRestTemplateContextCustomizer@37574691, org.springframework.boot.test.autoconfigure.properties.PropertyMappingContextCustomizer@0, org.springframework.boot.test.autoconfigure.web.servlet.WebDriverContextCustomizerFactory$Customizer@146044d7], resourceBasePath = 'src/main/webapp', contextLoader = 'org.springframework.boot.test.context.SpringBootContextLoader', parent = [null]], attributes = map['org.springframework.test.context.web.ServletTestExecutionListener.activateListener' -> true, 'org.springframework.test.context.web.ServletTestExecutionListener.populatedRequestContextHolder' -> true, 'org.springframework.test.context.web.ServletTestExecutionListener.resetRequestContextHolder' -> true]]
2020-01-20 16:38:32.496  INFO 70 --- [           main] o.s.t.c.transaction.TransactionContext   : Began transaction (1) for test context [DefaultTestContext@77f80c04 testClass = ClientServiceBusinessTests, testInstance = fr.unice.polytech.si5.al.creditrama.teamd.clientservice.ClientServiceBusinessTests@215efb16, testMethod = removeRecipientNotPresent@ClientServiceBusinessTests, testException = [null], mergedContextConfiguration = [WebMergedContextConfiguration@1dac5ef testClass = ClientServiceBusinessTests, locations = '{}', classes = '{class fr.unice.polytech.si5.al.creditrama.teamd.clientservice.ClientServiceApplication}', contextInitializerClasses = '[]', activeProfiles = '{disable-kafka}', propertySourceLocations = '{}', propertySourceProperties = '{org.springframework.boot.test.context.SpringBootTestContextBootstrapper=true}', contextCustomizers = set[org.springframework.boot.test.context.filter.ExcludeFilterContextCustomizer@588df31b, org.springframework.boot.test.json.DuplicateJsonObjectContextCustomizerFactory$DuplicateJsonObjectContextCustomizer@7181ae3f, org.springframework.boot.test.mock.mockito.MockitoContextCustomizer@4dbf68b2, org.springframework.boot.test.web.client.TestRestTemplateContextCustomizer@37574691, org.springframework.boot.test.autoconfigure.properties.PropertyMappingContextCustomizer@0, org.springframework.boot.test.autoconfigure.web.servlet.WebDriverContextCustomizerFactory$Customizer@146044d7], resourceBasePath = 'src/main/webapp', contextLoader = 'org.springframework.boot.test.context.SpringBootContextLoader', parent = [null]], attributes = map['org.springframework.test.context.web.ServletTestExecutionListener.activateListener' -> true, 'org.springframework.test.context.web.ServletTestExecutionListener.populatedRequestContextHolder' -> true, 'org.springframework.test.context.web.ServletTestExecutionListener.resetRequestContextHolder' -> true]]; transaction manager [org.springframework.orm.jpa.JpaTransactionManager@2926f7bd]; rollback [true]
2020-01-20 16:38:32.512  INFO 70 --- [           main] o.s.t.c.transaction.TransactionContext   : Rolled back transaction for test: [DefaultTestContext@77f80c04 testClass = ClientServiceBusinessTests, testInstance = fr.unice.polytech.si5.al.creditrama.teamd.clientservice.ClientServiceBusinessTests@215efb16, testMethod = removeRecipientNotPresent@ClientServiceBusinessTests, testException = [null], mergedContextConfiguration = [WebMergedContextConfiguration@1dac5ef testClass = ClientServiceBusinessTests, locations = '{}', classes = '{class fr.unice.polytech.si5.al.creditrama.teamd.clientservice.ClientServiceApplication}', contextInitializerClasses = '[]', activeProfiles = '{disable-kafka}', propertySourceLocations = '{}', propertySourceProperties = '{org.springframework.boot.test.context.SpringBootTestContextBootstrapper=true}', contextCustomizers = set[org.springframework.boot.test.context.filter.ExcludeFilterContextCustomizer@588df31b, org.springframework.boot.test.json.DuplicateJsonObjectContextCustomizerFactory$DuplicateJsonObjectContextCustomizer@7181ae3f, org.springframework.boot.test.mock.mockito.MockitoContextCustomizer@4dbf68b2, org.springframework.boot.test.web.client.TestRestTemplateContextCustomizer@37574691, org.springframework.boot.test.autoconfigure.properties.PropertyMappingContextCustomizer@0, org.springframework.boot.test.autoconfigure.web.servlet.WebDriverContextCustomizerFactory$Customizer@146044d7], resourceBasePath = 'src/main/webapp', contextLoader = 'org.springframework.boot.test.context.SpringBootContextLoader', parent = [null]], attributes = map['org.springframework.test.context.web.ServletTestExecutionListener.activateListener' -> true, 'org.springframework.test.context.web.ServletTestExecutionListener.populatedRequestContextHolder' -> true, 'org.springframework.test.context.web.ServletTestExecutionListener.resetRequestContextHolder' -> true]]
[INFO] Tests run: 7, Failures: 0, Errors: 0, Skipped: 0, Time elapsed: 28.886 s - in fr.unice.polytech.si5.al.creditrama.teamd.clientservice.ClientServiceBusinessTests
2020-01-20 16:38:32.695  INFO 70 --- [       Thread-7] o.s.i.endpoint.EventDrivenConsumer       : Removing {logging-channel-adapter:_org.springframework.integration.errorLogger} as a subscriber to the 'errorChannel' channel
2020-01-20 16:38:32.697  INFO 70 --- [       Thread-7] o.s.i.channel.PublishSubscribeChannel    : Channel 'application-1.errorChannel' has 0 subscriber(s).
2020-01-20 16:38:32.697  INFO 70 --- [       Thread-7] o.s.i.endpoint.EventDrivenConsumer       : stopped _org.springframework.integration.errorLogger
2020-01-20 16:38:32.698  INFO 70 --- [       Thread-7] o.s.s.c.ThreadPoolTaskScheduler          : Shutting down ExecutorService 'taskScheduler'
2020-01-20 16:38:32.702  INFO 70 --- [       Thread-7] o.s.s.concurrent.ThreadPoolTaskExecutor  : Shutting down ExecutorService 'applicationTaskExecutor'
2020-01-20 16:38:32.710  INFO 70 --- [       Thread-7] j.LocalContainerEntityManagerFactoryBean : Closing JPA EntityManagerFactory for persistence unit 'default'
2020-01-20 16:38:32.714  INFO 70 --- [       Thread-7] .SchemaDropperImpl$DelayedDropActionImpl : HHH000477: Starting delayed evictData of schema as part of SessionFactory shut-down'
2020-01-20 16:38:32.720  WARN 70 --- [       Thread-7] o.h.engine.jdbc.spi.SqlExceptionHelper   : SQL Error: 90121, SQLState: 90121
2020-01-20 16:38:32.720 ERROR 70 --- [       Thread-7] o.h.engine.jdbc.spi.SqlExceptionHelper   : Database is already closed (to disable automatic closing at VM shutdown, add ";DB_CLOSE_ON_EXIT=FALSE" to the db URL) [90121-199]
2020-01-20 16:38:32.721  WARN 70 --- [       Thread-7] o.h.engine.jdbc.spi.SqlExceptionHelper   : SQL Error: 90121, SQLState: 90121
2020-01-20 16:38:32.721 ERROR 70 --- [       Thread-7] o.h.engine.jdbc.spi.SqlExceptionHelper   : Database is already closed (to disable automatic closing at VM shutdown, add ";DB_CLOSE_ON_EXIT=FALSE" to the db URL) [90121-199]
2020-01-20 16:38:32.721  WARN 70 --- [       Thread-7] o.s.b.f.support.DisposableBeanAdapter    : Invocation of destroy method failed on bean with name 'entityManagerFactory': org.hibernate.exception.JDBCConnectionException: Unable to release JDBC Connection used for DDL execution
2020-01-20 16:38:32.724  WARN 70 --- [       Thread-7] o.s.b.f.support.DisposableBeanAdapter    : Invocation of destroy method failed on bean with name 'inMemoryDatabaseShutdownExecutor': org.h2.jdbc.JdbcSQLNonTransientConnectionException: Database is already closed (to disable automatic closing at VM shutdown, add ";DB_CLOSE_ON_EXIT=FALSE" to the db URL) [90121-199]
2020-01-20 16:38:32.784  INFO 70 --- [       Thread-7] com.zaxxer.hikari.HikariDataSource       : HikariPool-1 - Shutdown initiated...
2020-01-20 16:38:32.788  INFO 70 --- [       Thread-7] com.zaxxer.hikari.HikariDataSource       : HikariPool-1 - Shutdown completed.
[INFO] 
[INFO] Results:
[INFO] 
[INFO] Tests run: 7, Failures: 0, Errors: 0, Skipped: 0
[INFO] 
[INFO] 
[INFO] --- maven-jar-plugin:3.1.2:jar (default-jar) @ clientservice ---
[INFO] Building jar: /workspace/source/target/clientservice-0.0.1.jar
[INFO] 
[INFO] --- spring-boot-maven-plugin:2.1.9.RELEASE:repackage (repackage) @ clientservice ---
[INFO] Replacing main artifact with repackaged archive
[INFO] 
[INFO] --- maven-dependency-plugin:3.1.1:unpack (unpack) @ clientservice ---
[INFO] Configured Artifact: fr.unice.polytech.si5.al.creditrama.teamd:clientservice:0.0.1:jar
[INFO] Unpacking /workspace/source/target/clientservice-0.0.1.jar to /workspace/source/target/dependency with includes "" and excludes ""
[INFO] 
[INFO] --- maven-install-plugin:2.5.2:install (default-install) @ clientservice ---
[INFO] Installing /workspace/source/target/clientservice-0.0.1.jar to /root/.mvnrepository/fr/unice/polytech/si5/al/creditrama/teamd/clientservice/0.0.1/clientservice-0.0.1.jar
[INFO] Installing /workspace/source/pom.xml to /root/.mvnrepository/fr/unice/polytech/si5/al/creditrama/teamd/clientservice/0.0.1/clientservice-0.0.1.pom
[INFO] 
[INFO] --- maven-deploy-plugin:2.8.2:deploy (default-deploy) @ clientservice ---
[INFO] Using alternate deployment repository nexus::default::http://nexus/repository/maven-releases/
[INFO] ------------------------------------------------------------------------
[INFO] BUILD SUCCESS
[INFO] ------------------------------------------------------------------------
[INFO] Total time:  05:15 min
[INFO] Finished at: 2020-01-20T16:40:07Z
[INFO] ------------------------------------------------------------------------

Showing logs for build [32mpns-si5-al-creditrama-d-1920-cr-km9gq-1[0m stage [32mfrom-build-pack[0m and container [32mstep-build-skaffold-version[0m
v1.0.1

Showing logs for build [32mpns-si5-al-creditrama-d-1920-cr-km9gq-1[0m stage [32mfrom-build-pack[0m and container [32mstep-build-container-build[0m
[36mINFO[0m[0000] Downloading base image openjdk:8-jdk-alpine  
2020/01/20 16:40:11 No matching credentials were found, falling back on anonymous
[36mINFO[0m[0001] Error while retrieving image from cache: getting file info: stat /workspace/sha256:44b3cea369c947527e266275cee85c71a81f20fc5076f6ebb5a13f19015dce71: no such file or directory 
[36mINFO[0m[0001] Downloading base image openjdk:8-jdk-alpine  
2020/01/20 16:40:13 No matching credentials were found, falling back on anonymous
[36mINFO[0m[0002] cmd: VOLUME                                  
[36mINFO[0m[0002] adding volume /tmp to whitelist              
[36mINFO[0m[0002] Creating directory /tmp                      
[36mINFO[0m[0002] Using files from context: [/workspace/source/target/dependency/BOOT-INF/lib] 
[36mINFO[0m[0002] Using files from context: [/workspace/source/target/dependency/META-INF] 
[36mINFO[0m[0002] Using files from context: [/workspace/source/target/dependency/BOOT-INF/classes] 
[36mINFO[0m[0002] Skipping unpacking as no commands require it. 
[36mINFO[0m[0002] Taking snapshot of full filesystem...        
[36mINFO[0m[0087] VOLUME /tmp                                  
[36mINFO[0m[0087] cmd: VOLUME                                  
[36mINFO[0m[0087] adding volume /tmp to whitelist              
[36mINFO[0m[0087] Taking snapshot of files...                  
[36mINFO[0m[0087] ARG DEPENDENCY=target/dependency             
[36mINFO[0m[0087] Taking snapshot of files...                  
[36mINFO[0m[0087] Using files from context: [/workspace/source/target/dependency/BOOT-INF/lib] 
[36mINFO[0m[0087] COPY ${DEPENDENCY}/BOOT-INF/lib /app/lib     
[36mINFO[0m[0088] Taking snapshot of files...                  
[36mINFO[0m[0089] Using files from context: [/workspace/source/target/dependency/META-INF] 
[36mINFO[0m[0089] COPY ${DEPENDENCY}/META-INF /app/META-INF    
[36mINFO[0m[0089] Taking snapshot of files...                  
[36mINFO[0m[0089] Using files from context: [/workspace/source/target/dependency/BOOT-INF/classes] 
[36mINFO[0m[0089] COPY ${DEPENDENCY}/BOOT-INF/classes /app     
[36mINFO[0m[0089] Taking snapshot of files...                  
[36mINFO[0m[0089] ENTRYPOINT ["java","-cp","app:app/lib/*","fr.unice.polytech.si5.al.creditrama.teamd.clientservice.ClientServiceApplication"] 
[36mINFO[0m[0089] Taking snapshot of files...                  
2020/01/20 16:41:46 pushed blob: sha256:3525608855fb71971546116072e0f954fcdd4781a23f73886df9e91f9b714d22
2020/01/20 16:41:46 pushed blob: sha256:5c6c003090a62155e68cf7c2c1d2ce7dafba1fea88ae68cf105af25760fca110
2020/01/20 16:41:46 pushed blob: sha256:711ff5bd880e9c654b975d67bc2dcaa0bdd0a5df14a8ad361b1d2ce417600ccd
2020/01/20 16:41:47 pushed blob: sha256:5df5d7da1054ca00884a0c586e40215586360418953e3fca97bf9c9a765abb16
2020/01/20 16:41:47 pushed blob: sha256:f910a506b6cb1dbec766725d70356f695ae2bf2bea6224dbe8c7c6ad4f3664a2
2020/01/20 16:41:47 pushed blob: sha256:e7c96db7181be991f19a9fb6975cdbbd73c65f4a2681348e63a141a2192a5f10
2020/01/20 16:41:48 pushed blob: sha256:26cbf951be6b2d0583363785917f504f3f64671772615c5226afc6fa11c38508
2020/01/20 16:41:48 pushed blob: sha256:c2274a1a0e2786ee9101b08f76111f9ab8019e368dce1e325d3c284a0ca33397
2020/01/20 16:41:48 docker-registry.default.svc:5000/pns-si5-al-creditrama-d-1920/creditrama-team-d-client-service:0.0.1: digest: sha256:ff15def530a1cbfda85fe49b9ce2b1b46c5858e4e4343797c0d395da1c7d1d91 size: 1721

Showing logs for build [32mpns-si5-al-creditrama-d-1920-cr-km9gq-1[0m stage [32mfrom-build-pack[0m and container [32mstep-build-post-build[0m
no CVE provider running in the current ** namespace so skip adding image to be analysed

Showing logs for build [32mpns-si5-al-creditrama-d-1920-cr-km9gq-1[0m stage [32mfrom-build-pack[0m and container [32mstep-promote-changelog[0m
Converted /workspace/source/charts/creditrama-team-d-client-service to an unshallow repository
Generating change log from git ref 1e685c8e7fd0493bfc18f542d1f81fddd04401aa => 73f61da5d381d9f44240b38e5c65748736fbc376
WARNING: Failed to enrich commit 6c4950343c8f2ab4642d3b4f67ed6e420c1cb0f2 with issues: users.jenkins.io "x-0" already exists
WARNING: Failed to enrich commit 6c4950343c8f2ab4642d3b4f67ed6e420c1cb0f2 with issues: users.jenkins.io "x-0" already exists
Finding issues in commit messages using git format
WARNING: Failed to enrich commit 65f8a2640e475cdf1c86d826eded14ebe9850cdf with issues: users.jenkins.io "x-0" already exists
WARNING: Failed to enrich commit 65f8a2640e475cdf1c86d826eded14ebe9850cdf with issues: users.jenkins.io "x-0" already exists
WARNING: Failed to enrich commit e4c926a492d718b4e9615c7ed2221f60942a7345 with issues: users.jenkins.io "x-0" already exists
WARNING: Failed to enrich commit e4c926a492d718b4e9615c7ed2221f60942a7345 with issues: users.jenkins.io "x-0" already exists
WARNING: Failed to enrich commit 0c64e679a2038c14f66f21d32d67cbcfa7252b64 with issues: users.jenkins.io "x-0" already exists
WARNING: Failed to enrich commit 0c64e679a2038c14f66f21d32d67cbcfa7252b64 with issues: users.jenkins.io "x-0" already exists
WARNING: Failed to enrich commit 76fce8bf853e62ceb7db4902bc871712c3781445 with issues: users.jenkins.io "x-0" already exists
WARNING: Failed to enrich commit 76fce8bf853e62ceb7db4902bc871712c3781445 with issues: users.jenkins.io "x-0" already exists
WARNING: Failed to enrich commit 8338608e011f4795b19e07c3f8ec35e8cb5c7928 with issues: users.jenkins.io "x-0" already exists
WARNING: Failed to enrich commit 8338608e011f4795b19e07c3f8ec35e8cb5c7928 with issues: users.jenkins.io "x-0" already exists
WARNING: Failed to find issue 26 for repository https://github.com/pns-si5-al-creditrama-d-1920/creditrama-team-d-client-service
WARNING: Failed to enrich commit b3bdeb9d254e42abe554c5e273ff87ebe0aa04f0 with issues: users.jenkins.io "x-0" already exists
WARNING: Failed to enrich commit b3bdeb9d254e42abe554c5e273ff87ebe0aa04f0 with issues: users.jenkins.io "x-0" already exists
WARNING: Failed to find issue 20 for repository https://github.com/pns-si5-al-creditrama-d-1920/creditrama-team-d-client-service
WARNING: Failed to enrich commit 176d05426cb97c9efff9c0a9473d058d910aa48c with issues: users.jenkins.io "x-0" already exists
WARNING: Failed to enrich commit 176d05426cb97c9efff9c0a9473d058d910aa48c with issues: users.jenkins.io "x-0" already exists
WARNING: Failed to enrich commit b2e82f5814553acbf9631dadddbc100db0ab250f with issues: users.jenkins.io "x-0" already exists
WARNING: Failed to enrich commit b2e82f5814553acbf9631dadddbc100db0ab250f with issues: users.jenkins.io "x-0" already exists
WARNING: Failed to enrich commit f95e330eac9809fff98ef159cc337740fb5e9904 with issues: users.jenkins.io "x-0" already exists
WARNING: Failed to enrich commit f95e330eac9809fff98ef159cc337740fb5e9904 with issues: users.jenkins.io "x-0" already exists
WARNING: Failed to find issue 23 for repository https://github.com/pns-si5-al-creditrama-d-1920/creditrama-team-d-client-service
WARNING: Failed to enrich commit c7871f1ba318e2e31bd7a877ed9a998bd6960107 with issues: users.jenkins.io "x-0" already exists
WARNING: Failed to enrich commit c7871f1ba318e2e31bd7a877ed9a998bd6960107 with issues: users.jenkins.io "x-0" already exists
WARNING: Failed to enrich commit 3e0da44e50c1e4460852e3d9a30d1da0570167cd with issues: users.jenkins.io "x-0" already exists
WARNING: Failed to enrich commit 3e0da44e50c1e4460852e3d9a30d1da0570167cd with issues: users.jenkins.io "x-0" already exists
WARNING: Failed to enrich commit ce058e57a0bca52ac5ff75264c5e1803580a1a73 with issues: users.jenkins.io "x-0" already exists
WARNING: Failed to enrich commit ce058e57a0bca52ac5ff75264c5e1803580a1a73 with issues: users.jenkins.io "x-0" already exists
WARNING: Failed to enrich commit ef17740fa67414878cf61d11678887a241c166a4 with issues: users.jenkins.io "x-0" already exists
WARNING: Failed to enrich commit ef17740fa67414878cf61d11678887a241c166a4 with issues: users.jenkins.io "x-0" already exists
WARNING: Failed to enrich commit 6e5b26605153a381d4ee71136f709dbe3e856a3d with issues: users.jenkins.io "x-0" already exists
WARNING: Failed to enrich commit 6e5b26605153a381d4ee71136f709dbe3e856a3d with issues: users.jenkins.io "x-0" already exists
WARNING: Failed to enrich commit 3d81f818223f0776ab89ddef9a2ec59795d07f4d with issues: users.jenkins.io "x-0" already exists
WARNING: Failed to enrich commit 3d81f818223f0776ab89ddef9a2ec59795d07f4d with issues: users.jenkins.io "x-0" already exists
WARNING: Failed to enrich commit d7766dde138be188ab66e76f76918a57d2bfb1a3 with issues: users.jenkins.io "x-0" already exists
WARNING: Failed to enrich commit d7766dde138be188ab66e76f76918a57d2bfb1a3 with issues: users.jenkins.io "x-0" already exists
WARNING: Failed to enrich commit 0422defb613f7398be731b9cefd174e7e5ed2105 with issues: users.jenkins.io "x-0" already exists
WARNING: Failed to enrich commit 0422defb613f7398be731b9cefd174e7e5ed2105 with issues: users.jenkins.io "x-0" already exists
WARNING: Failed to enrich commit d5d26290a96a888ba3f891f5834e216dd44a42dd with issues: users.jenkins.io "x-0" already exists
WARNING: Failed to enrich commit d5d26290a96a888ba3f891f5834e216dd44a42dd with issues: users.jenkins.io "x-0" already exists
WARNING: Failed to enrich commit f59919ac8df9602423a95770dc8ff47587ea2b3e with issues: users.jenkins.io "x-0" already exists
WARNING: Failed to enrich commit f59919ac8df9602423a95770dc8ff47587ea2b3e with issues: users.jenkins.io "x-0" already exists
WARNING: Failed to enrich commit 502964a610837abb5b5ef0e7f220572055fbd478 with issues: users.jenkins.io "x-0" already exists
WARNING: Failed to enrich commit 502964a610837abb5b5ef0e7f220572055fbd478 with issues: users.jenkins.io "x-0" already exists
WARNING: Failed to enrich commit db7e841225fa0c41dfc4af44fbf3b3ea1bbffc61 with issues: users.jenkins.io "x-0" already exists
WARNING: Failed to enrich commit db7e841225fa0c41dfc4af44fbf3b3ea1bbffc61 with issues: users.jenkins.io "x-0" already exists
WARNING: Failed to enrich commit 844424576dd678af6793c96fba5cb13f1e1dc123 with issues: users.jenkins.io "x-0" already exists
WARNING: Failed to enrich commit 844424576dd678af6793c96fba5cb13f1e1dc123 with issues: users.jenkins.io "x-0" already exists
WARNING: Failed to enrich commit 59ae042bd75fb7ccf15a904e2934a0c86ffcac1f with issues: users.jenkins.io "x-0" already exists
WARNING: Failed to enrich commit 59ae042bd75fb7ccf15a904e2934a0c86ffcac1f with issues: users.jenkins.io "x-0" already exists
WARNING: Failed to enrich commit d715251be0dda3e7997aba1a168464d654dbbb0b with issues: users.jenkins.io "x-0" already exists
WARNING: Failed to enrich commit d715251be0dda3e7997aba1a168464d654dbbb0b with issues: users.jenkins.io "x-0" already exists
WARNING: Failed to enrich commit a2195c5d5e60f22b03a9795cd683772dc400790d with issues: users.jenkins.io "x-0" already exists
WARNING: Failed to enrich commit a2195c5d5e60f22b03a9795cd683772dc400790d with issues: users.jenkins.io "x-0" already exists
WARNING: Failed to enrich commit 9a43966231fceea5a64e3693e4c36b84805893c1 with issues: users.jenkins.io "x-0" already exists
WARNING: Failed to enrich commit 9a43966231fceea5a64e3693e4c36b84805893c1 with issues: users.jenkins.io "x-0" already exists
WARNING: Failed to enrich commit bd9fc5ec46db7ab0571400fa3496100fc6ebac8e with issues: users.jenkins.io "x-0" already exists
WARNING: Failed to enrich commit bd9fc5ec46db7ab0571400fa3496100fc6ebac8e with issues: users.jenkins.io "x-0" already exists
WARNING: Failed to enrich commit 2306d84c9668dba6d8e0e193fb2ffd949ff568f9 with issues: users.jenkins.io "x-0" already exists
WARNING: Failed to enrich commit 2306d84c9668dba6d8e0e193fb2ffd949ff568f9 with issues: users.jenkins.io "x-0" already exists
WARNING: Failed to enrich commit 4af1a18f044deef736a2102a1907ffdefbaabda7 with issues: users.jenkins.io "x-0" already exists
WARNING: Failed to enrich commit 4af1a18f044deef736a2102a1907ffdefbaabda7 with issues: users.jenkins.io "x-0" already exists
WARNING: Failed to enrich commit ab7b1460d80673f5a5f23fa165aa6b44444a7e03 with issues: users.jenkins.io "x-0" already exists
WARNING: Failed to enrich commit ab7b1460d80673f5a5f23fa165aa6b44444a7e03 with issues: users.jenkins.io "x-0" already exists
WARNING: Failed to enrich commit b17c88a42fc3085f70e1c184687537ae822aa829 with issues: users.jenkins.io "x-0" already exists
WARNING: Failed to enrich commit b17c88a42fc3085f70e1c184687537ae822aa829 with issues: users.jenkins.io "x-0" already exists
WARNING: Failed to enrich commit 811a89cd36eda618bc2b6031a253090bfbd61d56 with issues: users.jenkins.io "x-0" already exists
WARNING: Failed to enrich commit 811a89cd36eda618bc2b6031a253090bfbd61d56 with issues: users.jenkins.io "x-0" already exists
WARNING: Failed to enrich commit 334c1b2119d6e680ba359c0e1d2f4b98ddb42f2b with issues: users.jenkins.io "x-0" already exists
WARNING: Failed to enrich commit 334c1b2119d6e680ba359c0e1d2f4b98ddb42f2b with issues: users.jenkins.io "x-0" already exists
WARNING: Failed to find issue 11 for repository https://github.com/pns-si5-al-creditrama-d-1920/creditrama-team-d-client-service
WARNING: Failed to find issue 10 for repository https://github.com/pns-si5-al-creditrama-d-1920/creditrama-team-d-client-service
WARNING: Failed to enrich commit c5a4fa83b90d3042c6a44092366a3e00687bbaf8 with issues: users.jenkins.io "x-0" already exists
WARNING: Failed to enrich commit c5a4fa83b90d3042c6a44092366a3e00687bbaf8 with issues: users.jenkins.io "x-0" already exists
WARNING: Failed to enrich commit a43c6f96f2e76eb02ee1e82c2a7a0adf52c329c9 with issues: users.jenkins.io "x-0" already exists
WARNING: Failed to enrich commit a43c6f96f2e76eb02ee1e82c2a7a0adf52c329c9 with issues: users.jenkins.io "x-0" already exists
WARNING: No release found for pns-si5-al-creditrama-d-1920/creditrama-team-d-client-service and tag v0.0.1 so creating a new release
Updated the release information at https://github.com/pns-si5-al-creditrama-d-1920/creditrama-team-d-client-service/releases/tag/v0.0.1
generated: /workspace/source/charts/creditrama-team-d-client-service/templates/release.yaml
Created Release creditrama-team-d-client-service-0-0-1 resource in namespace **
Updating PipelineActivity pns-si5-al-creditrama-d-1920-creditrama-team-d-client-service-master-1 with version 0.0.1
Updated PipelineActivities pns-si5-al-creditrama-d-1920-creditrama-team-d-client-service-master-1 with release notes URL: https://github.com/pns-si5-al-creditrama-d-1920/creditrama-team-d-client-service/releases/tag/v0.0.1

Showing logs for build [32mpns-si5-al-creditrama-d-1920-cr-km9gq-1[0m stage [32mfrom-build-pack[0m and container [32mstep-promote-helm-release[0m
WARNING: No $CHART_REPOSITORY defined so using the default value of: http://jenkins-x-chartmuseum:8080
Adding missing Helm repo: storage.googleapis.com https://storage.googleapis.com/chartmuseum.jenkins-x.io
Successfully added Helm repository storage.googleapis.com.
Adding missing Helm repo: jenkins-x-chartmuseum http://jenkins-x-chartmuseum:8080
Successfully added Helm repository jenkins-x-chartmuseum.
WARNING: No $CHART_REPOSITORY defined so using the default value of: http://jenkins-x-chartmuseum:8080
Uploading chart file creditrama-team-d-client-service-0.0.1.tgz to http://jenkins-x-chartmuseum:8080/api/charts
Received 201 response: {"saved":true}

Showing logs for build [32mpns-si5-al-creditrama-d-1920-cr-km9gq-1[0m stage [32mfrom-build-pack[0m and container [32mstep-promote-jx-promote[0m
WARNING: prow based install so skip waiting for the merge of Pull Requests to go green as currently there is an issue with gettingstatuses from the PR, see https://github.com/jenkins-x/**/issues/2410
WARNING: No $CHART_REPOSITORY defined so using the default value of: http://jenkins-x-chartmuseum:8080
