
Showing logs for build [32mpns-si5-al-creditrama-d-1920-cr-ts7xn-3[0m stage [32mfrom-build-pack[0m and container [32mstep-credential-initializer-sfwlr[0m
{"level":"warn","ts":1579553656.715425,"logger":"fallback-logger","caller":"logging/config.go:69","msg":"Fetch GitHub commit ID from kodata failed: \"ref: refs/heads/0.8.0-**-support-backwards-incompats\" is not a valid GitHub commit ID"}
{"level":"info","ts":1579553656.7161748,"logger":"fallback-logger","caller":"creds-init/main.go:40","msg":"Credentials initialized."}

Showing logs for build [32mpns-si5-al-creditrama-d-1920-cr-ts7xn-3[0m stage [32mfrom-build-pack[0m and container [32mstep-working-dir-initializer-krdp2[0m
{"level":"warn","ts":1579553661.0700395,"logger":"fallback-logger","caller":"logging/config.go:69","msg":"Fetch GitHub commit ID from kodata failed: open /var/run/ko/HEAD: no such file or directory"}
{"level":"info","ts":1579553661.0716145,"logger":"fallback-logger","caller":"bash/main.go:64","msg":"Successfully executed command \"sh -c mkdir -p /workspace/source\"; output "}

Showing logs for build [32mpns-si5-al-creditrama-d-1920-cr-ts7xn-3[0m stage [32mfrom-build-pack[0m and container [32mstep-place-tools[0m

Showing logs for build [32mpns-si5-al-creditrama-d-1920-cr-ts7xn-3[0m stage [32mfrom-build-pack[0m and container [32mstep-git-source-pns-si5-al-creditrama-d-1920-cr-mcc4j[0m
{"level":"warn","ts":1579553702.5428455,"logger":"fallback-logger","caller":"logging/config.go:69","msg":"Fetch GitHub commit ID from kodata failed: \"ref: refs/heads/0.8.0-**-support-backwards-incompats\" is not a valid GitHub commit ID"}
{"level":"info","ts":1579553704.4149916,"logger":"fallback-logger","caller":"git/git.go:103","msg":"Successfully cloned https://github.com/pns-si5-al-creditrama-d-1920/creditrama-team-d-client-service.git @ v0.0.3 in path /workspace/source"}

Showing logs for build [32mpns-si5-al-creditrama-d-1920-cr-ts7xn-3[0m stage [32mfrom-build-pack[0m and container [32mstep-git-merge[0m
Using SHAs from PULL_REFS=master:45b92e0911eea5fed3e3363ee58208436da78dd3
WARNING: no SHAs to merge, falling back to initial cloned commit

Showing logs for build [32mpns-si5-al-creditrama-d-1920-cr-ts7xn-3[0m stage [32mfrom-build-pack[0m and container [32mstep-setup-jx-git-credentials[0m
Generated Git credentials file /workspace/xdg_config/git/credentials

Showing logs for build [32mpns-si5-al-creditrama-d-1920-cr-ts7xn-3[0m stage [32mfrom-build-pack[0m and container [32mstep-build-mvn-deploy[0m
Picked up _JAVA_OPTIONS: -XX:+UnlockExperimentalVMOptions -XX:+UseCGroupMemoryLimitForHeap -Dsun.zip.disableMemoryMapping=true -XX:+UseParallelGC -XX:MinHeapFreeRatio=5 -XX:MaxHeapFreeRatio=10 -XX:GCTimeRatio=4 -XX:AdaptiveSizePolicyWeight=90 -Xms10m -Xmx192m
OpenJDK 64-Bit Server VM warning: If the number of processors is expected to increase from one, then you should configure the number of parallel GC threads appropriately using -XX:ParallelGCThreads=N
[INFO] Scanning for projects...
[INFO] 
[INFO] ------< fr.unice.polytech.si5.al.creditrama.teamd:clientservice >-------
[INFO] Building client-service 0.0.3
[INFO] --------------------------------[ jar ]---------------------------------
[INFO] 
[INFO] --- maven-clean-plugin:3.1.0:clean (default-clean) @ clientservice ---
[INFO] 
[INFO] --- maven-resources-plugin:3.1.0:resources (default-resources) @ clientservice ---
[INFO] Using 'UTF-8' encoding to copy filtered resources.
[INFO] Copying 1 resource
[INFO] 
[INFO] --- maven-compiler-plugin:3.8.1:compile (default-compile) @ clientservice ---
[INFO] Changes detected - recompiling the module!
[INFO] Compiling 32 source files to /workspace/source/target/classes
[INFO] 
[INFO] --- maven-resources-plugin:3.1.0:testResources (default-testResources) @ clientservice ---
[INFO] Using 'UTF-8' encoding to copy filtered resources.
[INFO] Copying 1 resource
[INFO] 
[INFO] --- maven-compiler-plugin:3.8.1:testCompile (default-testCompile) @ clientservice ---
[INFO] Changes detected - recompiling the module!
[INFO] Compiling 3 source files to /workspace/source/target/test-classes
[INFO] 
[INFO] --- maven-surefire-plugin:2.22.2:test (default-test) @ clientservice ---
[INFO] 
[INFO] -------------------------------------------------------
[INFO]  T E S T S
[INFO] -------------------------------------------------------
[INFO] Running fr.unice.polytech.si5.al.creditrama.teamd.clientservice.BankServiceTests
20:56:08.107 [main] DEBUG org.springframework.test.context.BootstrapUtils - Instantiating CacheAwareContextLoaderDelegate from class [org.springframework.test.context.cache.DefaultCacheAwareContextLoaderDelegate]
20:56:08.138 [main] DEBUG org.springframework.test.context.BootstrapUtils - Instantiating BootstrapContext using constructor [public org.springframework.test.context.support.DefaultBootstrapContext(java.lang.Class,org.springframework.test.context.CacheAwareContextLoaderDelegate)]
20:56:08.190 [main] DEBUG org.springframework.test.context.BootstrapUtils - Instantiating TestContextBootstrapper for test class [fr.unice.polytech.si5.al.creditrama.teamd.clientservice.BankServiceTests] from class [org.springframework.boot.test.context.SpringBootTestContextBootstrapper]
20:56:08.212 [main] DEBUG org.springframework.test.context.support.AbstractContextLoader - Did not detect default resource location for test class [fr.unice.polytech.si5.al.creditrama.teamd.clientservice.BankServiceTests]: class path resource [fr/unice/polytech/si5/al/creditrama/teamd/clientservice/BankServiceTests-context.xml] does not exist
20:56:08.218 [main] DEBUG org.springframework.test.context.support.AbstractContextLoader - Did not detect default resource location for test class [fr.unice.polytech.si5.al.creditrama.teamd.clientservice.BankServiceTests]: class path resource [fr/unice/polytech/si5/al/creditrama/teamd/clientservice/BankServiceTestsContext.groovy] does not exist
20:56:08.220 [main] INFO org.springframework.test.context.support.AbstractContextLoader - Could not detect default resource locations for test class [fr.unice.polytech.si5.al.creditrama.teamd.clientservice.BankServiceTests]: no resource found for suffixes {-context.xml, Context.groovy}.
20:56:08.222 [main] INFO org.springframework.test.context.support.AnnotationConfigContextLoaderUtils - Could not detect default configuration classes for test class [fr.unice.polytech.si5.al.creditrama.teamd.clientservice.BankServiceTests]: BankServiceTests does not declare any static, non-private, non-final, nested classes annotated with @Configuration.
20:56:08.506 [main] DEBUG org.springframework.context.annotation.ClassPathScanningCandidateComponentProvider - Identified candidate component class: file [/workspace/source/target/classes/fr/unice/polytech/si5/al/creditrama/teamd/clientservice/ClientServiceApplication.class]
20:56:08.512 [main] INFO org.springframework.boot.test.context.SpringBootTestContextBootstrapper - Found @SpringBootConfiguration fr.unice.polytech.si5.al.creditrama.teamd.clientservice.ClientServiceApplication for test class fr.unice.polytech.si5.al.creditrama.teamd.clientservice.BankServiceTests
20:56:08.705 [main] DEBUG org.springframework.boot.test.context.SpringBootTestContextBootstrapper - @TestExecutionListeners is not present for class [fr.unice.polytech.si5.al.creditrama.teamd.clientservice.BankServiceTests]: using defaults.
20:56:08.706 [main] INFO org.springframework.boot.test.context.SpringBootTestContextBootstrapper - Loaded default TestExecutionListener class names from location [META-INF/spring.factories]: [org.springframework.boot.test.mock.mockito.MockitoTestExecutionListener, org.springframework.boot.test.mock.mockito.ResetMocksTestExecutionListener, org.springframework.boot.test.autoconfigure.restdocs.RestDocsTestExecutionListener, org.springframework.boot.test.autoconfigure.web.client.MockRestServiceServerResetTestExecutionListener, org.springframework.boot.test.autoconfigure.web.servlet.MockMvcPrintOnlyOnFailureTestExecutionListener, org.springframework.boot.test.autoconfigure.web.servlet.WebDriverTestExecutionListener, org.springframework.test.context.web.ServletTestExecutionListener, org.springframework.test.context.support.DirtiesContextBeforeModesTestExecutionListener, org.springframework.test.context.support.DependencyInjectionTestExecutionListener, org.springframework.test.context.support.DirtiesContextTestExecutionListener, org.springframework.test.context.transaction.TransactionalTestExecutionListener, org.springframework.test.context.jdbc.SqlScriptsTestExecutionListener]
20:56:08.735 [main] INFO org.springframework.boot.test.context.SpringBootTestContextBootstrapper - Using TestExecutionListeners: [org.springframework.test.context.web.ServletTestExecutionListener@7d4f9aae, org.springframework.test.context.support.DirtiesContextBeforeModesTestExecutionListener@72e5a8e, org.springframework.boot.test.mock.mockito.MockitoTestExecutionListener@54e1c68b, org.springframework.boot.test.autoconfigure.SpringBootDependencyInjectionTestExecutionListener@53aac487, org.springframework.test.context.support.DirtiesContextTestExecutionListener@52b1beb6, org.springframework.test.context.transaction.TransactionalTestExecutionListener@273e7444, org.springframework.test.context.jdbc.SqlScriptsTestExecutionListener@7db12bb6, org.springframework.boot.test.mock.mockito.ResetMocksTestExecutionListener@783a467b, org.springframework.boot.test.autoconfigure.restdocs.RestDocsTestExecutionListener@272113c4, org.springframework.boot.test.autoconfigure.web.client.MockRestServiceServerResetTestExecutionListener@73e9cf30, org.springframework.boot.test.autoconfigure.web.servlet.MockMvcPrintOnlyOnFailureTestExecutionListener@771a660, org.springframework.boot.test.autoconfigure.web.servlet.WebDriverTestExecutionListener@2d52216b]
20:56:08.739 [main] DEBUG org.springframework.test.context.support.AbstractDirtiesContextTestExecutionListener - Before test class: context [DefaultTestContext@a38c7fe testClass = BankServiceTests, testInstance = [null], testMethod = [null], testException = [null], mergedContextConfiguration = [WebMergedContextConfiguration@6fdbe764 testClass = BankServiceTests, locations = '{}', classes = '{class fr.unice.polytech.si5.al.creditrama.teamd.clientservice.ClientServiceApplication}', contextInitializerClasses = '[class fr.unice.polytech.si5.al.creditrama.teamd.clientservice.PropertyOverrideContextInitializer]', activeProfiles = '{disable-kafka}', propertySourceLocations = '{}', propertySourceProperties = '{org.springframework.boot.test.context.SpringBootTestContextBootstrapper=true}', contextCustomizers = set[org.springframework.boot.test.context.filter.ExcludeFilterContextCustomizer@61230f6a, org.springframework.boot.test.json.DuplicateJsonObjectContextCustomizerFactory$DuplicateJsonObjectContextCustomizer@3e2e18f2, org.springframework.boot.test.mock.mockito.MockitoContextCustomizer@0, org.springframework.boot.test.web.client.TestRestTemplateContextCustomizer@9353778, org.springframework.boot.test.autoconfigure.properties.PropertyMappingContextCustomizer@0, org.springframework.boot.test.autoconfigure.web.servlet.WebDriverContextCustomizerFactory$Customizer@2145b572], resourceBasePath = 'src/main/webapp', contextLoader = 'org.springframework.boot.test.context.SpringBootContextLoader', parent = [null]], attributes = map['org.springframework.test.context.web.ServletTestExecutionListener.activateListener' -> true]], class annotated with @DirtiesContext [false] with mode [null].
20:56:08.805 [main] DEBUG org.springframework.test.context.support.TestPropertySourceUtils - Adding inlined properties to environment: {spring.jmx.enabled=false, org.springframework.boot.test.context.SpringBootTestContextBootstrapper=true, server.port=-1}
2020-01-20 20:56:11.128  INFO 69 --- [           main] trationDelegate$BeanPostProcessorChecker : Bean 'org.springframework.cloud.autoconfigure.ConfigurationPropertiesRebinderAutoConfiguration' of type [org.springframework.cloud.autoconfigure.ConfigurationPropertiesRebinderAutoConfiguration$$EnhancerBySpringCGLIB$$15455f96] is not eligible for getting processed by all BeanPostProcessors (for example: not eligible for auto-proxying)

  .   ____          _            __ _ _
 /\\ / ___'_ __ _ _(_)_ __  __ _ \ \ \ \
( ( )\___ | '_ | '_| | '_ \/ _` | \ \ \ \
 \\/  ___)| |_)| | | | | || (_| |  ) ) ) )
  '  |____| .__|_| |_|_| |_\__, | / / / /
 =========|_|==============|___/=/_/_/_/
 :: Spring Boot ::        (v2.1.9.RELEASE)

2020-01-20 20:56:11.915  INFO 69 --- [           main] f.u.p.s.a.c.t.c.BankServiceTests         : The following profiles are active: disable-kafka
2020-01-20 20:56:14.804  INFO 69 --- [           main] .s.d.r.c.RepositoryConfigurationDelegate : Bootstrapping Spring Data repositories in DEFAULT mode.
2020-01-20 20:56:15.323  INFO 69 --- [           main] .s.d.r.c.RepositoryConfigurationDelegate : Finished Spring Data repository scanning in 509ms. Found 2 repository interfaces.
2020-01-20 20:56:17.103  INFO 69 --- [           main] o.s.cloud.context.scope.GenericScope     : BeanFactory id=28c7c9d5-f895-38ba-b1e6-8b735a61434a
2020-01-20 20:56:17.518  INFO 69 --- [           main] faultConfiguringBeanFactoryPostProcessor : No bean named 'errorChannel' has been explicitly defined. Therefore, a default PublishSubscribeChannel will be created.
2020-01-20 20:56:17.524  INFO 69 --- [           main] faultConfiguringBeanFactoryPostProcessor : No bean named 'taskScheduler' has been explicitly defined. Therefore, a default ThreadPoolTaskScheduler will be created.
2020-01-20 20:56:17.594  INFO 69 --- [           main] faultConfiguringBeanFactoryPostProcessor : No bean named 'integrationHeaderChannelRegistry' has been explicitly defined. Therefore, a default DefaultHeaderChannelRegistry will be created.
2020-01-20 20:56:17.634  INFO 69 --- [           main] trationDelegate$BeanPostProcessorChecker : Bean 'fr.unice.polytech.si5.al.creditrama.teamd.clientservice.client.BankAccountClient' of type [org.springframework.cloud.openfeign.FeignClientFactoryBean] is not eligible for getting processed by all BeanPostProcessors (for example: not eligible for auto-proxying)
2020-01-20 20:56:17.884  INFO 69 --- [           main] trationDelegate$BeanPostProcessorChecker : Bean 'org.springframework.kafka.annotation.KafkaBootstrapConfiguration' of type [org.springframework.kafka.annotation.KafkaBootstrapConfiguration$$EnhancerBySpringCGLIB$$ccdd6e1c] is not eligible for getting processed by all BeanPostProcessors (for example: not eligible for auto-proxying)
2020-01-20 20:56:18.003  INFO 69 --- [           main] trationDelegate$BeanPostProcessorChecker : Bean 'org.springframework.transaction.annotation.ProxyTransactionManagementConfiguration' of type [org.springframework.transaction.annotation.ProxyTransactionManagementConfiguration$$EnhancerBySpringCGLIB$$f92b5c99] is not eligible for getting processed by all BeanPostProcessors (for example: not eligible for auto-proxying)
2020-01-20 20:56:18.129  INFO 69 --- [           main] trationDelegate$BeanPostProcessorChecker : Bean 'org.springframework.integration.config.IntegrationManagementConfiguration' of type [org.springframework.integration.config.IntegrationManagementConfiguration$$EnhancerBySpringCGLIB$$641d17c8] is not eligible for getting processed by all BeanPostProcessors (for example: not eligible for auto-proxying)
2020-01-20 20:56:18.211  INFO 69 --- [           main] trationDelegate$BeanPostProcessorChecker : Bean 'integrationDisposableAutoCreatedBeans' of type [org.springframework.integration.config.annotation.Disposables] is not eligible for getting processed by all BeanPostProcessors (for example: not eligible for auto-proxying)
2020-01-20 20:56:18.325  INFO 69 --- [           main] trationDelegate$BeanPostProcessorChecker : Bean 'org.springframework.cloud.autoconfigure.ConfigurationPropertiesRebinderAutoConfiguration' of type [org.springframework.cloud.autoconfigure.ConfigurationPropertiesRebinderAutoConfiguration$$EnhancerBySpringCGLIB$$15455f96] is not eligible for getting processed by all BeanPostProcessors (for example: not eligible for auto-proxying)
2020-01-20 20:56:19.287  INFO 69 --- [           main] com.zaxxer.hikari.HikariDataSource       : HikariPool-1 - Starting...
2020-01-20 20:56:20.027  INFO 69 --- [           main] com.zaxxer.hikari.HikariDataSource       : HikariPool-1 - Start completed.
2020-01-20 20:56:20.298  INFO 69 --- [           main] o.hibernate.jpa.internal.util.LogHelper  : HHH000204: Processing PersistenceUnitInfo [
	name: default
	...]
2020-01-20 20:56:20.432  INFO 69 --- [           main] org.hibernate.Version                    : HHH000412: Hibernate Core {5.3.12.Final}
2020-01-20 20:56:20.434  INFO 69 --- [           main] org.hibernate.cfg.Environment            : HHH000206: hibernate.properties not found
2020-01-20 20:56:20.797  INFO 69 --- [           main] o.hibernate.annotations.common.Version   : HCANN000001: Hibernate Commons Annotations {5.0.4.Final}
2020-01-20 20:56:21.116  INFO 69 --- [           main] org.hibernate.dialect.Dialect            : HHH000400: Using dialect: org.hibernate.dialect.H2Dialect
2020-01-20 20:56:21.704  WARN 69 --- [           main] org.hibernate.cfg.AnnotationBinder       : HHH000138: Mixing inheritance strategy in a entity hierarchy is not allowed, ignoring sub strategy in: fr.unice.polytech.si5.al.creditrama.teamd.clientservice.model.entity.Client
2020-01-20 20:56:23.484  INFO 69 --- [           main] o.h.t.schema.internal.SchemaCreatorImpl  : HHH000476: Executing import script 'org.hibernate.tool.schema.internal.exec.ScriptSourceInputNonExistentImpl@687f62a5'
2020-01-20 20:56:23.487  INFO 69 --- [           main] j.LocalContainerEntityManagerFactoryBean : Initialized JPA EntityManagerFactory for persistence unit 'default'
2020-01-20 20:56:27.006  WARN 69 --- [           main] aWebConfiguration$JpaWebMvcConfiguration : spring.jpa.open-in-view is enabled by default. Therefore, database queries may be performed during view rendering. Explicitly configure spring.jpa.open-in-view to disable this warning
2020-01-20 20:56:28.594  INFO 69 --- [           main] o.s.b.a.e.web.EndpointLinksResolver      : Exposing 2 endpoint(s) beneath base path '/actuator'
2020-01-20 20:56:29.091  INFO 69 --- [           main] pertySourcedRequestMappingHandlerMapping : Mapped URL path [/v2/api-docs] onto method [public org.springframework.http.ResponseEntity<springfox.documentation.spring.web.json.Json> springfox.documentation.swagger2.web.Swagger2Controller.getDocumentation(java.lang.String,javax.servlet.http.HttpServletRequest)]
2020-01-20 20:56:30.527  WARN 69 --- [           main] o.s.c.n.a.ArchaiusAutoConfiguration      : No spring.application.name found, defaulting to 'application'
2020-01-20 20:56:30.584  WARN 69 --- [           main] c.n.c.sources.URLConfigurationSource     : No URLs will be polled as dynamic configuration sources.
2020-01-20 20:56:30.584  INFO 69 --- [           main] c.n.c.sources.URLConfigurationSource     : To enable URLs as dynamic configuration sources, define System property archaius.configurationSource.additionalUrls or make config.properties available on classpath.
2020-01-20 20:56:30.590  WARN 69 --- [           main] c.n.c.sources.URLConfigurationSource     : No URLs will be polled as dynamic configuration sources.
2020-01-20 20:56:30.590  INFO 69 --- [           main] c.n.c.sources.URLConfigurationSource     : To enable URLs as dynamic configuration sources, define System property archaius.configurationSource.additionalUrls or make config.properties available on classpath.
2020-01-20 20:56:31.794  INFO 69 --- [           main] o.s.s.concurrent.ThreadPoolTaskExecutor  : Initializing ExecutorService 'applicationTaskExecutor'
2020-01-20 20:56:32.990  INFO 69 --- [           main] .s.s.UserDetailsServiceAutoConfiguration : 

Using generated security password: 0ae0c7eb-3ee7-494b-8253-d2c3cca84f0c

2020-01-20 20:56:33.982  INFO 69 --- [           main] o.s.s.web.DefaultSecurityFilterChain     : Creating filter chain: Ant [pattern='/v2/api-docs'], []
2020-01-20 20:56:33.983  INFO 69 --- [           main] o.s.s.web.DefaultSecurityFilterChain     : Creating filter chain: Ant [pattern='/configuration/ui'], []
2020-01-20 20:56:33.983  INFO 69 --- [           main] o.s.s.web.DefaultSecurityFilterChain     : Creating filter chain: Ant [pattern='/swagger-resources/**'], []
2020-01-20 20:56:33.983  INFO 69 --- [           main] o.s.s.web.DefaultSecurityFilterChain     : Creating filter chain: Ant [pattern='/configuration/security'], []
2020-01-20 20:56:33.983  INFO 69 --- [           main] o.s.s.web.DefaultSecurityFilterChain     : Creating filter chain: Ant [pattern='/swagger-ui.html'], []
2020-01-20 20:56:33.983  INFO 69 --- [           main] o.s.s.web.DefaultSecurityFilterChain     : Creating filter chain: Ant [pattern='/webjars/**'], []
2020-01-20 20:56:33.983  INFO 69 --- [           main] o.s.s.web.DefaultSecurityFilterChain     : Creating filter chain: Ant [pattern='/register'], []
2020-01-20 20:56:33.983  INFO 69 --- [           main] o.s.s.web.DefaultSecurityFilterChain     : Creating filter chain: Ant [pattern='/dump'], []
2020-01-20 20:56:34.135  INFO 69 --- [           main] o.s.s.web.DefaultSecurityFilterChain     : Creating filter chain: any request, [org.springframework.security.web.context.request.async.WebAsyncManagerIntegrationFilter@1483c738, org.springframework.security.web.context.SecurityContextPersistenceFilter@57def953, org.springframework.security.web.header.HeaderWriterFilter@7c7b27c, org.springframework.security.web.authentication.logout.LogoutFilter@5b8ba1d2, org.springframework.security.oauth2.provider.authentication.OAuth2AuthenticationProcessingFilter@d082916, org.springframework.security.web.savedrequest.RequestCacheAwareFilter@a1be5cb, org.springframework.security.web.servletapi.SecurityContextHolderAwareRequestFilter@4a2f1ae3, org.springframework.security.web.authentication.AnonymousAuthenticationFilter@66c91224, org.springframework.security.web.session.SessionManagementFilter@7db63a01, org.springframework.security.web.access.ExceptionTranslationFilter@174d5cf7, org.springframework.security.web.access.intercept.FilterSecurityInterceptor@7e9ea888]
2020-01-20 20:56:34.302  INFO 69 --- [           main] o.s.s.web.DefaultSecurityFilterChain     : Creating filter chain: any request, [org.springframework.security.web.context.request.async.WebAsyncManagerIntegrationFilter@6d97a357, org.springframework.security.web.context.SecurityContextPersistenceFilter@156d7556, org.springframework.security.web.header.HeaderWriterFilter@cfe72b0, org.springframework.security.web.csrf.CsrfFilter@3894d1b1, org.springframework.security.web.authentication.logout.LogoutFilter@525c0f74, org.springframework.security.web.authentication.UsernamePasswordAuthenticationFilter@3f908a10, org.springframework.security.web.authentication.ui.DefaultLoginPageGeneratingFilter@77331437, org.springframework.security.web.authentication.ui.DefaultLogoutPageGeneratingFilter@1e6cd1c, org.springframework.security.web.authentication.www.BasicAuthenticationFilter@8929865, org.springframework.security.web.savedrequest.RequestCacheAwareFilter@531bfe4b, org.springframework.security.web.servletapi.SecurityContextHolderAwareRequestFilter@2c8f7d6a, org.springframework.security.web.authentication.AnonymousAuthenticationFilter@1dab2cf5, org.springframework.security.web.session.SessionManagementFilter@12f933c7, org.springframework.security.web.access.ExceptionTranslationFilter@253c7189, org.springframework.security.web.access.intercept.FilterSecurityInterceptor@89dd102]
2020-01-20 20:56:36.007  INFO 69 --- [           main] o.s.s.c.ThreadPoolTaskScheduler          : Initializing ExecutorService 'taskScheduler'
2020-01-20 20:56:36.201  INFO 69 --- [           main] o.s.i.endpoint.EventDrivenConsumer       : Adding {logging-channel-adapter:_org.springframework.integration.errorLogger} as a subscriber to the 'errorChannel' channel
2020-01-20 20:56:36.201  INFO 69 --- [           main] o.s.i.channel.PublishSubscribeChannel    : Channel 'application-1.errorChannel' has 1 subscriber(s).
2020-01-20 20:56:36.201  INFO 69 --- [           main] o.s.i.endpoint.EventDrivenConsumer       : started _org.springframework.integration.errorLogger
2020-01-20 20:56:36.202  INFO 69 --- [           main] d.s.w.p.DocumentationPluginsBootstrapper : Context refreshed
2020-01-20 20:56:36.224  INFO 69 --- [           main] d.s.w.p.DocumentationPluginsBootstrapper : Found 1 custom documentation plugin(s)
2020-01-20 20:56:36.318  INFO 69 --- [           main] s.d.s.w.s.ApiListingReferenceScanner     : Scanning for api listing references
2020-01-20 20:56:36.414  INFO 69 --- [           main] f.u.p.s.a.c.t.c.BankServiceTests         : Started BankServiceTests in 27.602 seconds (JVM running for 29.661)
2020-01-20 20:56:36.502  INFO 69 --- [           main] o.h.h.i.QueryTranslatorFactoryInitiator  : HHH000397: Using ASTQueryTranslatorFactory
2020-01-20 20:56:37.216  INFO 69 --- [           main] o.s.t.c.transaction.TransactionContext   : Began transaction (1) for test context [DefaultTestContext@a38c7fe testClass = BankServiceTests, testInstance = fr.unice.polytech.si5.al.creditrama.teamd.clientservice.BankServiceTests@7a6078d, testMethod = bankIsInit@BankServiceTests, testException = [null], mergedContextConfiguration = [WebMergedContextConfiguration@6fdbe764 testClass = BankServiceTests, locations = '{}', classes = '{class fr.unice.polytech.si5.al.creditrama.teamd.clientservice.ClientServiceApplication}', contextInitializerClasses = '[class fr.unice.polytech.si5.al.creditrama.teamd.clientservice.PropertyOverrideContextInitializer]', activeProfiles = '{disable-kafka}', propertySourceLocations = '{}', propertySourceProperties = '{org.springframework.boot.test.context.SpringBootTestContextBootstrapper=true}', contextCustomizers = set[org.springframework.boot.test.context.filter.ExcludeFilterContextCustomizer@61230f6a, org.springframework.boot.test.json.DuplicateJsonObjectContextCustomizerFactory$DuplicateJsonObjectContextCustomizer@3e2e18f2, org.springframework.boot.test.mock.mockito.MockitoContextCustomizer@0, org.springframework.boot.test.web.client.TestRestTemplateContextCustomizer@9353778, org.springframework.boot.test.autoconfigure.properties.PropertyMappingContextCustomizer@0, org.springframework.boot.test.autoconfigure.web.servlet.WebDriverContextCustomizerFactory$Customizer@2145b572], resourceBasePath = 'src/main/webapp', contextLoader = 'org.springframework.boot.test.context.SpringBootContextLoader', parent = [null]], attributes = map['org.springframework.test.context.web.ServletTestExecutionListener.activateListener' -> true, 'org.springframework.test.context.web.ServletTestExecutionListener.populatedRequestContextHolder' -> true, 'org.springframework.test.context.web.ServletTestExecutionListener.resetRequestContextHolder' -> true]]; transaction manager [org.springframework.orm.jpa.JpaTransactionManager@3d2b8e]; rollback [true]
2020-01-20 20:56:37.395  INFO 69 --- [           main] o.s.t.c.transaction.TransactionContext   : Rolled back transaction for test: [DefaultTestContext@a38c7fe testClass = BankServiceTests, testInstance = fr.unice.polytech.si5.al.creditrama.teamd.clientservice.BankServiceTests@7a6078d, testMethod = bankIsInit@BankServiceTests, testException = [null], mergedContextConfiguration = [WebMergedContextConfiguration@6fdbe764 testClass = BankServiceTests, locations = '{}', classes = '{class fr.unice.polytech.si5.al.creditrama.teamd.clientservice.ClientServiceApplication}', contextInitializerClasses = '[class fr.unice.polytech.si5.al.creditrama.teamd.clientservice.PropertyOverrideContextInitializer]', activeProfiles = '{disable-kafka}', propertySourceLocations = '{}', propertySourceProperties = '{org.springframework.boot.test.context.SpringBootTestContextBootstrapper=true}', contextCustomizers = set[org.springframework.boot.test.context.filter.ExcludeFilterContextCustomizer@61230f6a, org.springframework.boot.test.json.DuplicateJsonObjectContextCustomizerFactory$DuplicateJsonObjectContextCustomizer@3e2e18f2, org.springframework.boot.test.mock.mockito.MockitoContextCustomizer@0, org.springframework.boot.test.web.client.TestRestTemplateContextCustomizer@9353778, org.springframework.boot.test.autoconfigure.properties.PropertyMappingContextCustomizer@0, org.springframework.boot.test.autoconfigure.web.servlet.WebDriverContextCustomizerFactory$Customizer@2145b572], resourceBasePath = 'src/main/webapp', contextLoader = 'org.springframework.boot.test.context.SpringBootContextLoader', parent = [null]], attributes = map['org.springframework.test.context.web.ServletTestExecutionListener.activateListener' -> true, 'org.springframework.test.context.web.ServletTestExecutionListener.populatedRequestContextHolder' -> true, 'org.springframework.test.context.web.ServletTestExecutionListener.resetRequestContextHolder' -> true]]
2020-01-20 20:56:37.399  INFO 69 --- [           main] o.s.t.c.transaction.TransactionContext   : Began transaction (1) for test context [DefaultTestContext@a38c7fe testClass = BankServiceTests, testInstance = fr.unice.polytech.si5.al.creditrama.teamd.clientservice.BankServiceTests@5d72dd86, testMethod = createBank@BankServiceTests, testException = [null], mergedContextConfiguration = [WebMergedContextConfiguration@6fdbe764 testClass = BankServiceTests, locations = '{}', classes = '{class fr.unice.polytech.si5.al.creditrama.teamd.clientservice.ClientServiceApplication}', contextInitializerClasses = '[class fr.unice.polytech.si5.al.creditrama.teamd.clientservice.PropertyOverrideContextInitializer]', activeProfiles = '{disable-kafka}', propertySourceLocations = '{}', propertySourceProperties = '{org.springframework.boot.test.context.SpringBootTestContextBootstrapper=true}', contextCustomizers = set[org.springframework.boot.test.context.filter.ExcludeFilterContextCustomizer@61230f6a, org.springframework.boot.test.json.DuplicateJsonObjectContextCustomizerFactory$DuplicateJsonObjectContextCustomizer@3e2e18f2, org.springframework.boot.test.mock.mockito.MockitoContextCustomizer@0, org.springframework.boot.test.web.client.TestRestTemplateContextCustomizer@9353778, org.springframework.boot.test.autoconfigure.properties.PropertyMappingContextCustomizer@0, org.springframework.boot.test.autoconfigure.web.servlet.WebDriverContextCustomizerFactory$Customizer@2145b572], resourceBasePath = 'src/main/webapp', contextLoader = 'org.springframework.boot.test.context.SpringBootContextLoader', parent = [null]], attributes = map['org.springframework.test.context.web.ServletTestExecutionListener.activateListener' -> true, 'org.springframework.test.context.web.ServletTestExecutionListener.populatedRequestContextHolder' -> true, 'org.springframework.test.context.web.ServletTestExecutionListener.resetRequestContextHolder' -> true]]; transaction manager [org.springframework.orm.jpa.JpaTransactionManager@3d2b8e]; rollback [true]
2020-01-20 20:56:37.486  INFO 69 --- [           main] o.s.t.c.transaction.TransactionContext   : Rolled back transaction for test: [DefaultTestContext@a38c7fe testClass = BankServiceTests, testInstance = fr.unice.polytech.si5.al.creditrama.teamd.clientservice.BankServiceTests@5d72dd86, testMethod = createBank@BankServiceTests, testException = [null], mergedContextConfiguration = [WebMergedContextConfiguration@6fdbe764 testClass = BankServiceTests, locations = '{}', classes = '{class fr.unice.polytech.si5.al.creditrama.teamd.clientservice.ClientServiceApplication}', contextInitializerClasses = '[class fr.unice.polytech.si5.al.creditrama.teamd.clientservice.PropertyOverrideContextInitializer]', activeProfiles = '{disable-kafka}', propertySourceLocations = '{}', propertySourceProperties = '{org.springframework.boot.test.context.SpringBootTestContextBootstrapper=true}', contextCustomizers = set[org.springframework.boot.test.context.filter.ExcludeFilterContextCustomizer@61230f6a, org.springframework.boot.test.json.DuplicateJsonObjectContextCustomizerFactory$DuplicateJsonObjectContextCustomizer@3e2e18f2, org.springframework.boot.test.mock.mockito.MockitoContextCustomizer@0, org.springframework.boot.test.web.client.TestRestTemplateContextCustomizer@9353778, org.springframework.boot.test.autoconfigure.properties.PropertyMappingContextCustomizer@0, org.springframework.boot.test.autoconfigure.web.servlet.WebDriverContextCustomizerFactory$Customizer@2145b572], resourceBasePath = 'src/main/webapp', contextLoader = 'org.springframework.boot.test.context.SpringBootContextLoader', parent = [null]], attributes = map['org.springframework.test.context.web.ServletTestExecutionListener.activateListener' -> true, 'org.springframework.test.context.web.ServletTestExecutionListener.populatedRequestContextHolder' -> true, 'org.springframework.test.context.web.ServletTestExecutionListener.resetRequestContextHolder' -> true]]
[INFO] Tests run: 2, Failures: 0, Errors: 0, Skipped: 0, Time elapsed: 29.567 s - in fr.unice.polytech.si5.al.creditrama.teamd.clientservice.BankServiceTests
[INFO] Running fr.unice.polytech.si5.al.creditrama.teamd.clientservice.ClientServiceTests
2020-01-20 20:56:37.491  INFO 69 --- [           main] o.s.t.c.support.AbstractContextLoader    : Could not detect default resource locations for test class [fr.unice.polytech.si5.al.creditrama.teamd.clientservice.ClientServiceTests]: no resource found for suffixes {-context.xml, Context.groovy}.
2020-01-20 20:56:37.491  INFO 69 --- [           main] t.c.s.AnnotationConfigContextLoaderUtils : Could not detect default configuration classes for test class [fr.unice.polytech.si5.al.creditrama.teamd.clientservice.ClientServiceTests]: ClientServiceTests does not declare any static, non-private, non-final, nested classes annotated with @Configuration.
2020-01-20 20:56:37.495  INFO 69 --- [           main] .b.t.c.SpringBootTestContextBootstrapper : Found @SpringBootConfiguration fr.unice.polytech.si5.al.creditrama.teamd.clientservice.ClientServiceApplication for test class fr.unice.polytech.si5.al.creditrama.teamd.clientservice.ClientServiceTests
2020-01-20 20:56:37.496  INFO 69 --- [           main] .b.t.c.SpringBootTestContextBootstrapper : Loaded default TestExecutionListener class names from location [META-INF/spring.factories]: [org.springframework.boot.test.mock.mockito.MockitoTestExecutionListener, org.springframework.boot.test.mock.mockito.ResetMocksTestExecutionListener, org.springframework.boot.test.autoconfigure.restdocs.RestDocsTestExecutionListener, org.springframework.boot.test.autoconfigure.web.client.MockRestServiceServerResetTestExecutionListener, org.springframework.boot.test.autoconfigure.web.servlet.MockMvcPrintOnlyOnFailureTestExecutionListener, org.springframework.boot.test.autoconfigure.web.servlet.WebDriverTestExecutionListener, org.springframework.test.context.web.ServletTestExecutionListener, org.springframework.test.context.support.DirtiesContextBeforeModesTestExecutionListener, org.springframework.test.context.support.DependencyInjectionTestExecutionListener, org.springframework.test.context.support.DirtiesContextTestExecutionListener, org.springframework.test.context.transaction.TransactionalTestExecutionListener, org.springframework.test.context.jdbc.SqlScriptsTestExecutionListener]
2020-01-20 20:56:37.497  INFO 69 --- [           main] .b.t.c.SpringBootTestContextBootstrapper : Using TestExecutionListeners: [org.springframework.test.context.web.ServletTestExecutionListener@68312b85, org.springframework.test.context.support.DirtiesContextBeforeModesTestExecutionListener@5ab0168, org.springframework.boot.test.mock.mockito.MockitoTestExecutionListener@5c6ee543, org.springframework.boot.test.autoconfigure.SpringBootDependencyInjectionTestExecutionListener@7594d189, org.springframework.test.context.support.DirtiesContextTestExecutionListener@1418a1bd, org.springframework.test.context.transaction.TransactionalTestExecutionListener@49e54217, org.springframework.test.context.jdbc.SqlScriptsTestExecutionListener@628af295, org.springframework.boot.test.mock.mockito.ResetMocksTestExecutionListener@31c17fd4, org.springframework.boot.test.autoconfigure.restdocs.RestDocsTestExecutionListener@60052518, org.springframework.boot.test.autoconfigure.web.client.MockRestServiceServerResetTestExecutionListener@39336f5, org.springframework.boot.test.autoconfigure.web.servlet.MockMvcPrintOnlyOnFailureTestExecutionListener@36b86248, org.springframework.boot.test.autoconfigure.web.servlet.WebDriverTestExecutionListener@cbd9494]
2020-01-20 20:56:37.697  INFO 69 --- [           main] trationDelegate$BeanPostProcessorChecker : Bean 'org.springframework.cloud.autoconfigure.ConfigurationPropertiesRebinderAutoConfiguration' of type [org.springframework.cloud.autoconfigure.ConfigurationPropertiesRebinderAutoConfiguration$$EnhancerBySpringCGLIB$$15455f96] is not eligible for getting processed by all BeanPostProcessors (for example: not eligible for auto-proxying)

  .   ____          _            __ _ _
 /\\ / ___'_ __ _ _(_)_ __  __ _ \ \ \ \
( ( )\___ | '_ | '_| | '_ \/ _` | \ \ \ \
 \\/  ___)| |_)| | | | | || (_| |  ) ) ) )
  '  |____| .__|_| |_|_| |_\__, | / / / /
 =========|_|==============|___/=/_/_/_/
 :: Spring Boot ::        (v2.1.9.RELEASE)

2020-01-20 20:56:37.795  INFO 69 --- [           main] f.u.p.s.a.c.t.c.ClientServiceTests       : The following profiles are active: disable-kafka
2020-01-20 20:56:39.005  INFO 69 --- [           main] .s.d.r.c.RepositoryConfigurationDelegate : Bootstrapping Spring Data repositories in DEFAULT mode.
2020-01-20 20:56:39.021  INFO 69 --- [           main] .s.d.r.c.RepositoryConfigurationDelegate : Finished Spring Data repository scanning in 16ms. Found 2 repository interfaces.
2020-01-20 20:56:39.294  INFO 69 --- [           main] o.s.cloud.context.scope.GenericScope     : BeanFactory id=28c7c9d5-f895-38ba-b1e6-8b735a61434a
2020-01-20 20:56:39.493  INFO 69 --- [           main] faultConfiguringBeanFactoryPostProcessor : No bean named 'errorChannel' has been explicitly defined. Therefore, a default PublishSubscribeChannel will be created.
2020-01-20 20:56:39.493  INFO 69 --- [           main] faultConfiguringBeanFactoryPostProcessor : No bean named 'taskScheduler' has been explicitly defined. Therefore, a default ThreadPoolTaskScheduler will be created.
2020-01-20 20:56:39.494  INFO 69 --- [           main] faultConfiguringBeanFactoryPostProcessor : No bean named 'integrationHeaderChannelRegistry' has been explicitly defined. Therefore, a default DefaultHeaderChannelRegistry will be created.
2020-01-20 20:56:39.585  INFO 69 --- [           main] trationDelegate$BeanPostProcessorChecker : Bean 'org.springframework.kafka.annotation.KafkaBootstrapConfiguration' of type [org.springframework.kafka.annotation.KafkaBootstrapConfiguration$$EnhancerBySpringCGLIB$$ccdd6e1c] is not eligible for getting processed by all BeanPostProcessors (for example: not eligible for auto-proxying)
2020-01-20 20:56:39.602  INFO 69 --- [           main] trationDelegate$BeanPostProcessorChecker : Bean 'org.springframework.transaction.annotation.ProxyTransactionManagementConfiguration' of type [org.springframework.transaction.annotation.ProxyTransactionManagementConfiguration$$EnhancerBySpringCGLIB$$f92b5c99] is not eligible for getting processed by all BeanPostProcessors (for example: not eligible for auto-proxying)
2020-01-20 20:56:39.633  INFO 69 --- [           main] trationDelegate$BeanPostProcessorChecker : Bean 'org.springframework.integration.config.IntegrationManagementConfiguration' of type [org.springframework.integration.config.IntegrationManagementConfiguration$$EnhancerBySpringCGLIB$$641d17c8] is not eligible for getting processed by all BeanPostProcessors (for example: not eligible for auto-proxying)
2020-01-20 20:56:39.689  INFO 69 --- [           main] trationDelegate$BeanPostProcessorChecker : Bean 'integrationDisposableAutoCreatedBeans' of type [org.springframework.integration.config.annotation.Disposables] is not eligible for getting processed by all BeanPostProcessors (for example: not eligible for auto-proxying)
2020-01-20 20:56:39.709  INFO 69 --- [           main] trationDelegate$BeanPostProcessorChecker : Bean 'org.springframework.cloud.autoconfigure.ConfigurationPropertiesRebinderAutoConfiguration' of type [org.springframework.cloud.autoconfigure.ConfigurationPropertiesRebinderAutoConfiguration$$EnhancerBySpringCGLIB$$15455f96] is not eligible for getting processed by all BeanPostProcessors (for example: not eligible for auto-proxying)
2020-01-20 20:56:39.993  INFO 69 --- [           main] com.zaxxer.hikari.HikariDataSource       : HikariPool-2 - Starting...
2020-01-20 20:56:39.994  INFO 69 --- [           main] com.zaxxer.hikari.HikariDataSource       : HikariPool-2 - Start completed.
2020-01-20 20:56:40.083  INFO 69 --- [           main] o.hibernate.jpa.internal.util.LogHelper  : HHH000204: Processing PersistenceUnitInfo [
	name: default
	...]
2020-01-20 20:56:40.088  INFO 69 --- [           main] org.hibernate.dialect.Dialect            : HHH000400: Using dialect: org.hibernate.dialect.H2Dialect
2020-01-20 20:56:40.094  WARN 69 --- [           main] org.hibernate.cfg.AnnotationBinder       : HHH000138: Mixing inheritance strategy in a entity hierarchy is not allowed, ignoring sub strategy in: fr.unice.polytech.si5.al.creditrama.teamd.clientservice.model.entity.Client
2020-01-20 20:56:40.305  INFO 69 --- [           main] o.h.t.schema.internal.SchemaCreatorImpl  : HHH000476: Executing import script 'org.hibernate.tool.schema.internal.exec.ScriptSourceInputNonExistentImpl@687f62a5'
2020-01-20 20:56:40.305  INFO 69 --- [           main] j.LocalContainerEntityManagerFactoryBean : Initialized JPA EntityManagerFactory for persistence unit 'default'
2020-01-20 20:56:41.800  WARN 69 --- [           main] aWebConfiguration$JpaWebMvcConfiguration : spring.jpa.open-in-view is enabled by default. Therefore, database queries may be performed during view rendering. Explicitly configure spring.jpa.open-in-view to disable this warning
2020-01-20 20:56:42.684  INFO 69 --- [           main] o.s.b.a.e.web.EndpointLinksResolver      : Exposing 2 endpoint(s) beneath base path '/actuator'
2020-01-20 20:56:42.997  INFO 69 --- [           main] pertySourcedRequestMappingHandlerMapping : Mapped URL path [/v2/api-docs] onto method [public org.springframework.http.ResponseEntity<springfox.documentation.spring.web.json.Json> springfox.documentation.swagger2.web.Swagger2Controller.getDocumentation(java.lang.String,javax.servlet.http.HttpServletRequest)]
2020-01-20 20:56:43.497  WARN 69 --- [           main] o.s.c.n.a.ArchaiusAutoConfiguration      : Netflix ConfigurationManager has already been installed, unable to re-install
2020-01-20 20:56:44.310  INFO 69 --- [           main] o.s.s.concurrent.ThreadPoolTaskExecutor  : Initializing ExecutorService 'applicationTaskExecutor'
2020-01-20 20:56:45.001  INFO 69 --- [           main] .s.s.UserDetailsServiceAutoConfiguration : 

Using generated security password: b2302d5c-ee25-4678-88dd-6ff76d20ca5e

2020-01-20 20:56:45.018  INFO 69 --- [           main] o.s.s.web.DefaultSecurityFilterChain     : Creating filter chain: Ant [pattern='/v2/api-docs'], []
2020-01-20 20:56:45.018  INFO 69 --- [           main] o.s.s.web.DefaultSecurityFilterChain     : Creating filter chain: Ant [pattern='/configuration/ui'], []
2020-01-20 20:56:45.018  INFO 69 --- [           main] o.s.s.web.DefaultSecurityFilterChain     : Creating filter chain: Ant [pattern='/swagger-resources/**'], []
2020-01-20 20:56:45.018  INFO 69 --- [           main] o.s.s.web.DefaultSecurityFilterChain     : Creating filter chain: Ant [pattern='/configuration/security'], []
2020-01-20 20:56:45.018  INFO 69 --- [           main] o.s.s.web.DefaultSecurityFilterChain     : Creating filter chain: Ant [pattern='/swagger-ui.html'], []
2020-01-20 20:56:45.018  INFO 69 --- [           main] o.s.s.web.DefaultSecurityFilterChain     : Creating filter chain: Ant [pattern='/webjars/**'], []
2020-01-20 20:56:45.018  INFO 69 --- [           main] o.s.s.web.DefaultSecurityFilterChain     : Creating filter chain: Ant [pattern='/register'], []
2020-01-20 20:56:45.018  INFO 69 --- [           main] o.s.s.web.DefaultSecurityFilterChain     : Creating filter chain: Ant [pattern='/dump'], []
2020-01-20 20:56:45.206  INFO 69 --- [           main] o.s.s.web.DefaultSecurityFilterChain     : Creating filter chain: any request, [org.springframework.security.web.context.request.async.WebAsyncManagerIntegrationFilter@156322ce, org.springframework.security.web.context.SecurityContextPersistenceFilter@627b5e5b, org.springframework.security.web.header.HeaderWriterFilter@7244d87, org.springframework.security.web.authentication.logout.LogoutFilter@473e0536, org.springframework.security.oauth2.provider.authentication.OAuth2AuthenticationProcessingFilter@4c02f50, org.springframework.security.web.savedrequest.RequestCacheAwareFilter@211ffbd0, org.springframework.security.web.servletapi.SecurityContextHolderAwareRequestFilter@472d201, org.springframework.security.web.authentication.AnonymousAuthenticationFilter@546f0f36, org.springframework.security.web.session.SessionManagementFilter@210c4071, org.springframework.security.web.access.ExceptionTranslationFilter@69554e5a, org.springframework.security.web.access.intercept.FilterSecurityInterceptor@105c253a]
2020-01-20 20:56:45.308  INFO 69 --- [           main] o.s.s.web.DefaultSecurityFilterChain     : Creating filter chain: any request, [org.springframework.security.web.context.request.async.WebAsyncManagerIntegrationFilter@d67f6f, org.springframework.security.web.context.SecurityContextPersistenceFilter@625ae6d, org.springframework.security.web.header.HeaderWriterFilter@19f72e12, org.springframework.security.web.csrf.CsrfFilter@1990afa2, org.springframework.security.web.authentication.logout.LogoutFilter@16b1dee7, org.springframework.security.web.authentication.UsernamePasswordAuthenticationFilter@38ad8c75, org.springframework.security.web.authentication.ui.DefaultLoginPageGeneratingFilter@3dcc59f5, org.springframework.security.web.authentication.ui.DefaultLogoutPageGeneratingFilter@4fc28b23, org.springframework.security.web.authentication.www.BasicAuthenticationFilter@22a10b71, org.springframework.security.web.savedrequest.RequestCacheAwareFilter@207bf6d8, org.springframework.security.web.servletapi.SecurityContextHolderAwareRequestFilter@5cdb7b, org.springframework.security.web.authentication.AnonymousAuthenticationFilter@1b58788a, org.springframework.security.web.session.SessionManagementFilter@1ad4ff2a, org.springframework.security.web.access.ExceptionTranslationFilter@57be28d1, org.springframework.security.web.access.intercept.FilterSecurityInterceptor@48e0e779]
2020-01-20 20:56:46.499  INFO 69 --- [           main] o.s.s.c.ThreadPoolTaskScheduler          : Initializing ExecutorService 'taskScheduler'
2020-01-20 20:56:46.618  INFO 69 --- [           main] o.s.i.endpoint.EventDrivenConsumer       : Adding {logging-channel-adapter:_org.springframework.integration.errorLogger} as a subscriber to the 'errorChannel' channel
2020-01-20 20:56:46.618  INFO 69 --- [           main] o.s.i.channel.PublishSubscribeChannel    : Channel 'application-1.errorChannel' has 1 subscriber(s).
2020-01-20 20:56:46.618  INFO 69 --- [           main] o.s.i.endpoint.EventDrivenConsumer       : started _org.springframework.integration.errorLogger
2020-01-20 20:56:46.618  INFO 69 --- [           main] d.s.w.p.DocumentationPluginsBootstrapper : Context refreshed
2020-01-20 20:56:46.619  INFO 69 --- [           main] d.s.w.p.DocumentationPluginsBootstrapper : Found 1 custom documentation plugin(s)
2020-01-20 20:56:46.628  INFO 69 --- [           main] s.d.s.w.s.ApiListingReferenceScanner     : Scanning for api listing references
2020-01-20 20:56:46.699  INFO 69 --- [           main] f.u.p.s.a.c.t.c.ClientServiceTests       : Started ClientServiceTests in 9.201 seconds (JVM running for 39.946)
2020-01-20 20:56:46.704  INFO 69 --- [           main] o.h.h.i.QueryTranslatorFactoryInitiator  : HHH000397: Using ASTQueryTranslatorFactory
2020-01-20 20:56:46.985  INFO 69 --- [           main] o.s.t.c.transaction.TransactionContext   : Began transaction (1) for test context [DefaultTestContext@39d5376c testClass = ClientServiceTests, testInstance = fr.unice.polytech.si5.al.creditrama.teamd.clientservice.ClientServiceTests@20dab85c, testMethod = manageRecipients@ClientServiceTests, testException = [null], mergedContextConfiguration = [WebMergedContextConfiguration@4fc41cba testClass = ClientServiceTests, locations = '{}', classes = '{class fr.unice.polytech.si5.al.creditrama.teamd.clientservice.ClientServiceApplication}', contextInitializerClasses = '[class fr.unice.polytech.si5.al.creditrama.teamd.clientservice.PropertyOverrideContextInitializer]', activeProfiles = '{disable-kafka}', propertySourceLocations = '{}', propertySourceProperties = '{org.springframework.boot.test.context.SpringBootTestContextBootstrapper=true}', contextCustomizers = set[org.springframework.boot.test.context.filter.ExcludeFilterContextCustomizer@61230f6a, org.springframework.boot.test.json.DuplicateJsonObjectContextCustomizerFactory$DuplicateJsonObjectContextCustomizer@3e2e18f2, org.springframework.boot.test.mock.mockito.MockitoContextCustomizer@5e23ccd4, org.springframework.boot.test.web.client.TestRestTemplateContextCustomizer@9353778, org.springframework.boot.test.autoconfigure.properties.PropertyMappingContextCustomizer@0, org.springframework.boot.test.autoconfigure.web.servlet.WebDriverContextCustomizerFactory$Customizer@2145b572], resourceBasePath = 'src/main/webapp', contextLoader = 'org.springframework.boot.test.context.SpringBootContextLoader', parent = [null]], attributes = map['org.springframework.test.context.web.ServletTestExecutionListener.activateListener' -> true, 'org.springframework.test.context.web.ServletTestExecutionListener.populatedRequestContextHolder' -> true, 'org.springframework.test.context.web.ServletTestExecutionListener.resetRequestContextHolder' -> true]]; transaction manager [org.springframework.orm.jpa.JpaTransactionManager@189f5ed8]; rollback [true]
2020-01-20 20:56:47.202  INFO 69 --- [           main] o.s.t.c.transaction.TransactionContext   : Rolled back transaction for test: [DefaultTestContext@39d5376c testClass = ClientServiceTests, testInstance = fr.unice.polytech.si5.al.creditrama.teamd.clientservice.ClientServiceTests@20dab85c, testMethod = manageRecipients@ClientServiceTests, testException = [null], mergedContextConfiguration = [WebMergedContextConfiguration@4fc41cba testClass = ClientServiceTests, locations = '{}', classes = '{class fr.unice.polytech.si5.al.creditrama.teamd.clientservice.ClientServiceApplication}', contextInitializerClasses = '[class fr.unice.polytech.si5.al.creditrama.teamd.clientservice.PropertyOverrideContextInitializer]', activeProfiles = '{disable-kafka}', propertySourceLocations = '{}', propertySourceProperties = '{org.springframework.boot.test.context.SpringBootTestContextBootstrapper=true}', contextCustomizers = set[org.springframework.boot.test.context.filter.ExcludeFilterContextCustomizer@61230f6a, org.springframework.boot.test.json.DuplicateJsonObjectContextCustomizerFactory$DuplicateJsonObjectContextCustomizer@3e2e18f2, org.springframework.boot.test.mock.mockito.MockitoContextCustomizer@5e23ccd4, org.springframework.boot.test.web.client.TestRestTemplateContextCustomizer@9353778, org.springframework.boot.test.autoconfigure.properties.PropertyMappingContextCustomizer@0, org.springframework.boot.test.autoconfigure.web.servlet.WebDriverContextCustomizerFactory$Customizer@2145b572], resourceBasePath = 'src/main/webapp', contextLoader = 'org.springframework.boot.test.context.SpringBootContextLoader', parent = [null]], attributes = map['org.springframework.test.context.web.ServletTestExecutionListener.activateListener' -> true, 'org.springframework.test.context.web.ServletTestExecutionListener.populatedRequestContextHolder' -> true, 'org.springframework.test.context.web.ServletTestExecutionListener.resetRequestContextHolder' -> true]]
2020-01-20 20:56:47.204  INFO 69 --- [           main] o.s.t.c.transaction.TransactionContext   : Began transaction (1) for test context [DefaultTestContext@39d5376c testClass = ClientServiceTests, testInstance = fr.unice.polytech.si5.al.creditrama.teamd.clientservice.ClientServiceTests@5c4c4e96, testMethod = createBankAccount@ClientServiceTests, testException = [null], mergedContextConfiguration = [WebMergedContextConfiguration@4fc41cba testClass = ClientServiceTests, locations = '{}', classes = '{class fr.unice.polytech.si5.al.creditrama.teamd.clientservice.ClientServiceApplication}', contextInitializerClasses = '[class fr.unice.polytech.si5.al.creditrama.teamd.clientservice.PropertyOverrideContextInitializer]', activeProfiles = '{disable-kafka}', propertySourceLocations = '{}', propertySourceProperties = '{org.springframework.boot.test.context.SpringBootTestContextBootstrapper=true}', contextCustomizers = set[org.springframework.boot.test.context.filter.ExcludeFilterContextCustomizer@61230f6a, org.springframework.boot.test.json.DuplicateJsonObjectContextCustomizerFactory$DuplicateJsonObjectContextCustomizer@3e2e18f2, org.springframework.boot.test.mock.mockito.MockitoContextCustomizer@5e23ccd4, org.springframework.boot.test.web.client.TestRestTemplateContextCustomizer@9353778, org.springframework.boot.test.autoconfigure.properties.PropertyMappingContextCustomizer@0, org.springframework.boot.test.autoconfigure.web.servlet.WebDriverContextCustomizerFactory$Customizer@2145b572], resourceBasePath = 'src/main/webapp', contextLoader = 'org.springframework.boot.test.context.SpringBootContextLoader', parent = [null]], attributes = map['org.springframework.test.context.web.ServletTestExecutionListener.activateListener' -> true, 'org.springframework.test.context.web.ServletTestExecutionListener.populatedRequestContextHolder' -> true, 'org.springframework.test.context.web.ServletTestExecutionListener.resetRequestContextHolder' -> true]]; transaction manager [org.springframework.orm.jpa.JpaTransactionManager@189f5ed8]; rollback [true]
2020-01-20 20:56:47.411  INFO 69 --- [           main] o.s.t.c.transaction.TransactionContext   : Rolled back transaction for test: [DefaultTestContext@39d5376c testClass = ClientServiceTests, testInstance = fr.unice.polytech.si5.al.creditrama.teamd.clientservice.ClientServiceTests@5c4c4e96, testMethod = createBankAccount@ClientServiceTests, testException = [null], mergedContextConfiguration = [WebMergedContextConfiguration@4fc41cba testClass = ClientServiceTests, locations = '{}', classes = '{class fr.unice.polytech.si5.al.creditrama.teamd.clientservice.ClientServiceApplication}', contextInitializerClasses = '[class fr.unice.polytech.si5.al.creditrama.teamd.clientservice.PropertyOverrideContextInitializer]', activeProfiles = '{disable-kafka}', propertySourceLocations = '{}', propertySourceProperties = '{org.springframework.boot.test.context.SpringBootTestContextBootstrapper=true}', contextCustomizers = set[org.springframework.boot.test.context.filter.ExcludeFilterContextCustomizer@61230f6a, org.springframework.boot.test.json.DuplicateJsonObjectContextCustomizerFactory$DuplicateJsonObjectContextCustomizer@3e2e18f2, org.springframework.boot.test.mock.mockito.MockitoContextCustomizer@5e23ccd4, org.springframework.boot.test.web.client.TestRestTemplateContextCustomizer@9353778, org.springframework.boot.test.autoconfigure.properties.PropertyMappingContextCustomizer@0, org.springframework.boot.test.autoconfigure.web.servlet.WebDriverContextCustomizerFactory$Customizer@2145b572], resourceBasePath = 'src/main/webapp', contextLoader = 'org.springframework.boot.test.context.SpringBootContextLoader', parent = [null]], attributes = map['org.springframework.test.context.web.ServletTestExecutionListener.activateListener' -> true, 'org.springframework.test.context.web.ServletTestExecutionListener.populatedRequestContextHolder' -> true, 'org.springframework.test.context.web.ServletTestExecutionListener.resetRequestContextHolder' -> true]]
2020-01-20 20:56:47.418  INFO 69 --- [           main] o.s.t.c.transaction.TransactionContext   : Began transaction (1) for test context [DefaultTestContext@39d5376c testClass = ClientServiceTests, testInstance = fr.unice.polytech.si5.al.creditrama.teamd.clientservice.ClientServiceTests@796affb8, testMethod = createClient@ClientServiceTests, testException = [null], mergedContextConfiguration = [WebMergedContextConfiguration@4fc41cba testClass = ClientServiceTests, locations = '{}', classes = '{class fr.unice.polytech.si5.al.creditrama.teamd.clientservice.ClientServiceApplication}', contextInitializerClasses = '[class fr.unice.polytech.si5.al.creditrama.teamd.clientservice.PropertyOverrideContextInitializer]', activeProfiles = '{disable-kafka}', propertySourceLocations = '{}', propertySourceProperties = '{org.springframework.boot.test.context.SpringBootTestContextBootstrapper=true}', contextCustomizers = set[org.springframework.boot.test.context.filter.ExcludeFilterContextCustomizer@61230f6a, org.springframework.boot.test.json.DuplicateJsonObjectContextCustomizerFactory$DuplicateJsonObjectContextCustomizer@3e2e18f2, org.springframework.boot.test.mock.mockito.MockitoContextCustomizer@5e23ccd4, org.springframework.boot.test.web.client.TestRestTemplateContextCustomizer@9353778, org.springframework.boot.test.autoconfigure.properties.PropertyMappingContextCustomizer@0, org.springframework.boot.test.autoconfigure.web.servlet.WebDriverContextCustomizerFactory$Customizer@2145b572], resourceBasePath = 'src/main/webapp', contextLoader = 'org.springframework.boot.test.context.SpringBootContextLoader', parent = [null]], attributes = map['org.springframework.test.context.web.ServletTestExecutionListener.activateListener' -> true, 'org.springframework.test.context.web.ServletTestExecutionListener.populatedRequestContextHolder' -> true, 'org.springframework.test.context.web.ServletTestExecutionListener.resetRequestContextHolder' -> true]]; transaction manager [org.springframework.orm.jpa.JpaTransactionManager@189f5ed8]; rollback [true]
2020-01-20 20:56:47.695  INFO 69 --- [           main] o.s.t.c.transaction.TransactionContext   : Rolled back transaction for test: [DefaultTestContext@39d5376c testClass = ClientServiceTests, testInstance = fr.unice.polytech.si5.al.creditrama.teamd.clientservice.ClientServiceTests@796affb8, testMethod = createClient@ClientServiceTests, testException = [null], mergedContextConfiguration = [WebMergedContextConfiguration@4fc41cba testClass = ClientServiceTests, locations = '{}', classes = '{class fr.unice.polytech.si5.al.creditrama.teamd.clientservice.ClientServiceApplication}', contextInitializerClasses = '[class fr.unice.polytech.si5.al.creditrama.teamd.clientservice.PropertyOverrideContextInitializer]', activeProfiles = '{disable-kafka}', propertySourceLocations = '{}', propertySourceProperties = '{org.springframework.boot.test.context.SpringBootTestContextBootstrapper=true}', contextCustomizers = set[org.springframework.boot.test.context.filter.ExcludeFilterContextCustomizer@61230f6a, org.springframework.boot.test.json.DuplicateJsonObjectContextCustomizerFactory$DuplicateJsonObjectContextCustomizer@3e2e18f2, org.springframework.boot.test.mock.mockito.MockitoContextCustomizer@5e23ccd4, org.springframework.boot.test.web.client.TestRestTemplateContextCustomizer@9353778, org.springframework.boot.test.autoconfigure.properties.PropertyMappingContextCustomizer@0, org.springframework.boot.test.autoconfigure.web.servlet.WebDriverContextCustomizerFactory$Customizer@2145b572], resourceBasePath = 'src/main/webapp', contextLoader = 'org.springframework.boot.test.context.SpringBootContextLoader', parent = [null]], attributes = map['org.springframework.test.context.web.ServletTestExecutionListener.activateListener' -> true, 'org.springframework.test.context.web.ServletTestExecutionListener.populatedRequestContextHolder' -> true, 'org.springframework.test.context.web.ServletTestExecutionListener.resetRequestContextHolder' -> true]]
[INFO] Tests run: 3, Failures: 0, Errors: 0, Skipped: 0, Time elapsed: 10.109 s - in fr.unice.polytech.si5.al.creditrama.teamd.clientservice.ClientServiceTests
2020-01-20 20:56:47.718  INFO 69 --- [       Thread-6] o.s.i.endpoint.EventDrivenConsumer       : Removing {logging-channel-adapter:_org.springframework.integration.errorLogger} as a subscriber to the 'errorChannel' channel
2020-01-20 20:56:47.718  INFO 69 --- [      Thread-11] o.s.i.endpoint.EventDrivenConsumer       : Removing {logging-channel-adapter:_org.springframework.integration.errorLogger} as a subscriber to the 'errorChannel' channel
2020-01-20 20:56:47.719  INFO 69 --- [      Thread-11] o.s.i.channel.PublishSubscribeChannel    : Channel 'application-1.errorChannel' has 0 subscriber(s).
2020-01-20 20:56:47.719  INFO 69 --- [      Thread-11] o.s.i.endpoint.EventDrivenConsumer       : stopped _org.springframework.integration.errorLogger
2020-01-20 20:56:47.719  INFO 69 --- [       Thread-6] o.s.i.channel.PublishSubscribeChannel    : Channel 'application-1.errorChannel' has 0 subscriber(s).
2020-01-20 20:56:47.720  INFO 69 --- [       Thread-6] o.s.i.endpoint.EventDrivenConsumer       : stopped _org.springframework.integration.errorLogger
2020-01-20 20:56:47.783  INFO 69 --- [      Thread-11] o.s.s.c.ThreadPoolTaskScheduler          : Shutting down ExecutorService 'taskScheduler'
2020-01-20 20:56:47.783  INFO 69 --- [       Thread-6] o.s.s.c.ThreadPoolTaskScheduler          : Shutting down ExecutorService 'taskScheduler'
2020-01-20 20:56:47.791  INFO 69 --- [       Thread-6] o.s.s.concurrent.ThreadPoolTaskExecutor  : Shutting down ExecutorService 'applicationTaskExecutor'
2020-01-20 20:56:47.794  INFO 69 --- [      Thread-11] o.s.s.concurrent.ThreadPoolTaskExecutor  : Shutting down ExecutorService 'applicationTaskExecutor'
2020-01-20 20:56:47.809  INFO 69 --- [       Thread-6] j.LocalContainerEntityManagerFactoryBean : Closing JPA EntityManagerFactory for persistence unit 'default'
2020-01-20 20:56:47.809  INFO 69 --- [      Thread-11] j.LocalContainerEntityManagerFactoryBean : Closing JPA EntityManagerFactory for persistence unit 'default'
2020-01-20 20:56:47.809  INFO 69 --- [      Thread-11] .SchemaDropperImpl$DelayedDropActionImpl : HHH000477: Starting delayed evictData of schema as part of SessionFactory shut-down'
2020-01-20 20:56:47.810  INFO 69 --- [       Thread-6] .SchemaDropperImpl$DelayedDropActionImpl : HHH000477: Starting delayed evictData of schema as part of SessionFactory shut-down'
2020-01-20 20:56:47.812  WARN 69 --- [      Thread-11] o.h.engine.jdbc.spi.SqlExceptionHelper   : SQL Error: 90121, SQLState: 90121
2020-01-20 20:56:47.812 ERROR 69 --- [      Thread-11] o.h.engine.jdbc.spi.SqlExceptionHelper   : Database is already closed (to disable automatic closing at VM shutdown, add ";DB_CLOSE_ON_EXIT=FALSE" to the db URL) [90121-199]
2020-01-20 20:56:47.813  WARN 69 --- [      Thread-11] o.h.engine.jdbc.spi.SqlExceptionHelper   : SQL Error: 90121, SQLState: 90121
2020-01-20 20:56:47.813 ERROR 69 --- [      Thread-11] o.h.engine.jdbc.spi.SqlExceptionHelper   : Database is already closed (to disable automatic closing at VM shutdown, add ";DB_CLOSE_ON_EXIT=FALSE" to the db URL) [90121-199]
2020-01-20 20:56:47.813  WARN 69 --- [      Thread-11] o.s.b.f.support.DisposableBeanAdapter    : Invocation of destroy method failed on bean with name 'entityManagerFactory': org.hibernate.exception.JDBCConnectionException: Unable to release JDBC Connection used for DDL execution
2020-01-20 20:56:47.815  INFO 69 --- [      Thread-11] com.zaxxer.hikari.HikariDataSource       : HikariPool-2 - Shutdown initiated...
2020-01-20 20:56:47.897  INFO 69 --- [       Thread-6] com.zaxxer.hikari.HikariDataSource       : HikariPool-1 - Shutdown initiated...
2020-01-20 20:56:47.899  INFO 69 --- [       Thread-6] com.zaxxer.hikari.HikariDataSource       : HikariPool-1 - Shutdown completed.
2020-01-20 20:56:47.902  INFO 69 --- [      Thread-11] com.zaxxer.hikari.HikariDataSource       : HikariPool-2 - Shutdown completed.
[INFO] 
[INFO] Results:
[INFO] 
[INFO] Tests run: 5, Failures: 0, Errors: 0, Skipped: 0
[INFO] 
[INFO] 
[INFO] --- maven-jar-plugin:3.1.2:jar (default-jar) @ clientservice ---
[INFO] Building jar: /workspace/source/target/clientservice-0.0.3.jar
[INFO] 
[INFO] --- spring-boot-maven-plugin:2.1.9.RELEASE:repackage (repackage) @ clientservice ---
[INFO] Replacing main artifact with repackaged archive
[INFO] 
[INFO] --- maven-dependency-plugin:3.1.1:unpack (unpack) @ clientservice ---
[INFO] Configured Artifact: fr.unice.polytech.si5.al.creditrama.teamd:clientservice:0.0.3:jar
[INFO] Unpacking /workspace/source/target/clientservice-0.0.3.jar to /workspace/source/target/dependency with includes "" and excludes ""
[INFO] 
[INFO] --- maven-install-plugin:2.5.2:install (default-install) @ clientservice ---
[INFO] Installing /workspace/source/target/clientservice-0.0.3.jar to /root/.mvnrepository/fr/unice/polytech/si5/al/creditrama/teamd/clientservice/0.0.3/clientservice-0.0.3.jar
[INFO] Installing /workspace/source/pom.xml to /root/.mvnrepository/fr/unice/polytech/si5/al/creditrama/teamd/clientservice/0.0.3/clientservice-0.0.3.pom
[INFO] 
[INFO] --- maven-deploy-plugin:2.8.2:deploy (default-deploy) @ clientservice ---
[INFO] Using alternate deployment repository nexus::default::http://nexus/repository/maven-releases/
[INFO] ------------------------------------------------------------------------
[INFO] BUILD SUCCESS
[INFO] ------------------------------------------------------------------------
[INFO] Total time:  01:51 min
[INFO] Finished at: 2020-01-20T20:57:03Z
[INFO] ------------------------------------------------------------------------

Showing logs for build [32mpns-si5-al-creditrama-d-1920-cr-ts7xn-3[0m stage [32mfrom-build-pack[0m and container [32mstep-build-skaffold-version[0m
v1.0.1

Showing logs for build [32mpns-si5-al-creditrama-d-1920-cr-ts7xn-3[0m stage [32mfrom-build-pack[0m and container [32mstep-build-container-build[0m
[36mINFO[0m[0000] Downloading base image openjdk:8-jdk-alpine  
2020/01/20 20:57:05 No matching credentials were found, falling back on anonymous
[36mINFO[0m[0001] Error while retrieving image from cache: getting file info: stat /workspace/sha256:44b3cea369c947527e266275cee85c71a81f20fc5076f6ebb5a13f19015dce71: no such file or directory 
[36mINFO[0m[0001] Downloading base image openjdk:8-jdk-alpine  
2020/01/20 20:57:07 No matching credentials were found, falling back on anonymous
[36mINFO[0m[0002] cmd: VOLUME                                  
[36mINFO[0m[0003] adding volume /tmp to whitelist              
[36mINFO[0m[0003] Creating directory /tmp                      
[36mINFO[0m[0003] Using files from context: [/workspace/source/target/dependency/BOOT-INF/lib] 
[36mINFO[0m[0003] Using files from context: [/workspace/source/target/dependency/META-INF] 
[36mINFO[0m[0003] Using files from context: [/workspace/source/target/dependency/BOOT-INF/classes] 
[36mINFO[0m[0003] Skipping unpacking as no commands require it. 
[36mINFO[0m[0003] Taking snapshot of full filesystem...        
[36mINFO[0m[0062] VOLUME /tmp                                  
[36mINFO[0m[0062] cmd: VOLUME                                  
[36mINFO[0m[0062] adding volume /tmp to whitelist              
[36mINFO[0m[0062] Taking snapshot of files...                  
[36mINFO[0m[0062] ARG DEPENDENCY=target/dependency             
[36mINFO[0m[0062] Taking snapshot of files...                  
[36mINFO[0m[0062] Using files from context: [/workspace/source/target/dependency/BOOT-INF/lib] 
[36mINFO[0m[0062] COPY ${DEPENDENCY}/BOOT-INF/lib /app/lib     
[36mINFO[0m[0062] Taking snapshot of files...                  
[36mINFO[0m[0064] Using files from context: [/workspace/source/target/dependency/META-INF] 
[36mINFO[0m[0064] COPY ${DEPENDENCY}/META-INF /app/META-INF    
[36mINFO[0m[0064] Taking snapshot of files...                  
[36mINFO[0m[0064] Using files from context: [/workspace/source/target/dependency/BOOT-INF/classes] 
[36mINFO[0m[0064] COPY ${DEPENDENCY}/BOOT-INF/classes /app     
[36mINFO[0m[0064] Taking snapshot of files...                  
[36mINFO[0m[0064] ENTRYPOINT ["java","-cp","app:app/lib/*","fr.unice.polytech.si5.al.creditrama.teamd.clientservice.ClientServiceApplication"] 
[36mINFO[0m[0064] Taking snapshot of files...                  
2020/01/20 20:58:09 existing blob: sha256:f910a506b6cb1dbec766725d70356f695ae2bf2bea6224dbe8c7c6ad4f3664a2
2020/01/20 20:58:09 existing blob: sha256:e7c96db7181be991f19a9fb6975cdbbd73c65f4a2681348e63a141a2192a5f10
2020/01/20 20:58:09 existing blob: sha256:c2274a1a0e2786ee9101b08f76111f9ab8019e368dce1e325d3c284a0ca33397
2020/01/20 20:58:10 pushed blob: sha256:0525085a66fb64b3b2c9e3089fd0a187a885ef513953a3179cbfbca314df7293
2020/01/20 20:58:10 pushed blob: sha256:2f74fb8d45940ba4f04cb7bcfee58a7db9fa8f28e8939431965998f31eb75773
2020/01/20 20:58:10 pushed blob: sha256:aa5d66289662d83a7218ad5dfa96b36f8ef46702e12f933a95cd476204947e54
2020/01/20 20:58:10 pushed blob: sha256:45b96c6ba39a0f9406d5061e71049ce2e6e16e8259d497eab4aee7fa8c1071bb
2020/01/20 20:58:12 pushed blob: sha256:7bdbefef12433b5716d792131f288aca3c6ebb6bd67d2411eecb680a839615ed
2020/01/20 20:58:12 docker-registry.default.svc:5000/pns-si5-al-creditrama-d-1920/creditrama-team-d-client-service:0.0.3: digest: sha256:1a569c6dd93c341f57f47a71de64f83c3ac6f993e0bc75629bdc20913e599358 size: 1721

Showing logs for build [32mpns-si5-al-creditrama-d-1920-cr-ts7xn-3[0m stage [32mfrom-build-pack[0m and container [32mstep-build-post-build[0m
no CVE provider running in the current ** namespace so skip adding image to be analysed

Showing logs for build [32mpns-si5-al-creditrama-d-1920-cr-ts7xn-3[0m stage [32mfrom-build-pack[0m and container [32mstep-promote-changelog[0m
Converted /workspace/source/charts/creditrama-team-d-client-service to an unshallow repository
Generating change log from git ref f1b7448f35e4937223d26f0e200c4749297132d7 => accfef0ce2f4e0e310dcc4697008b002af0dcad4
WARNING: Failed to enrich commit d83e1dad37a6af076a9bf0f5e2614a75b8b3fe3a with issues: users.jenkins.io "x-0" already exists
WARNING: Failed to enrich commit d83e1dad37a6af076a9bf0f5e2614a75b8b3fe3a with issues: users.jenkins.io "x-0" already exists
Finding issues in commit messages using git format
WARNING: Failed to find issue 39 for repository https://github.com/pns-si5-al-creditrama-d-1920/creditrama-team-d-client-service
WARNING: Failed to enrich commit 077dbfd93acda81e4b4b46f971cfe10342e4b160 with issues: users.jenkins.io "x-0" already exists
WARNING: Failed to enrich commit 077dbfd93acda81e4b4b46f971cfe10342e4b160 with issues: users.jenkins.io "x-0" already exists
WARNING: Failed to enrich commit 47acd15cb70def690e201f2b65ee767d9a7c4804 with issues: users.jenkins.io "x-0" already exists
WARNING: Failed to enrich commit 47acd15cb70def690e201f2b65ee767d9a7c4804 with issues: users.jenkins.io "x-0" already exists
WARNING: Failed to find issue 38 for repository https://github.com/pns-si5-al-creditrama-d-1920/creditrama-team-d-client-service
WARNING: Failed to enrich commit ba1c40dc3f50e48983aac00bb3762ebbb38b283a with issues: users.jenkins.io "x-0" already exists
WARNING: Failed to enrich commit ba1c40dc3f50e48983aac00bb3762ebbb38b283a with issues: users.jenkins.io "x-0" already exists
WARNING: Failed to enrich commit ee8ad991db420bf607515077f7a5d76367235e34 with issues: users.jenkins.io "x-0" already exists
WARNING: Failed to enrich commit ee8ad991db420bf607515077f7a5d76367235e34 with issues: users.jenkins.io "x-0" already exists
WARNING: Failed to enrich commit d7db19e20d6aff3c58b442db682c38a6bbe31fee with issues: users.jenkins.io "x-0" already exists
WARNING: Failed to enrich commit d7db19e20d6aff3c58b442db682c38a6bbe31fee with issues: users.jenkins.io "x-0" already exists
WARNING: Failed to enrich commit be0fee68ee21f4cb81f87e8e4aff1d444d135c4e with issues: users.jenkins.io "x-0" already exists
WARNING: Failed to enrich commit be0fee68ee21f4cb81f87e8e4aff1d444d135c4e with issues: users.jenkins.io "x-0" already exists
WARNING: Failed to find issue 36 for repository https://github.com/pns-si5-al-creditrama-d-1920/creditrama-team-d-client-service
WARNING: Failed to enrich commit 05416bbc94ad4ebbd43c4e3a6895e5be859c8e7b with issues: users.jenkins.io "x-0" already exists
WARNING: Failed to enrich commit 05416bbc94ad4ebbd43c4e3a6895e5be859c8e7b with issues: users.jenkins.io "x-0" already exists
WARNING: Failed to enrich commit c2c64e7719b5581a16859bfc58b66e8447fe3edc with issues: users.jenkins.io "x-0" already exists
WARNING: Failed to enrich commit c2c64e7719b5581a16859bfc58b66e8447fe3edc with issues: users.jenkins.io "x-0" already exists
WARNING: No release found for pns-si5-al-creditrama-d-1920/creditrama-team-d-client-service and tag v0.0.3 so creating a new release
Updated the release information at https://github.com/pns-si5-al-creditrama-d-1920/creditrama-team-d-client-service/releases/tag/v0.0.3
generated: /workspace/source/charts/creditrama-team-d-client-service/templates/release.yaml
Created Release creditrama-team-d-client-service-0-0-3 resource in namespace **
Updating PipelineActivity pns-si5-al-creditrama-d-1920-creditrama-team-d-client-service-master-3 with version 0.0.3
Updated PipelineActivities pns-si5-al-creditrama-d-1920-creditrama-team-d-client-service-master-3 with release notes URL: https://github.com/pns-si5-al-creditrama-d-1920/creditrama-team-d-client-service/releases/tag/v0.0.3

Showing logs for build [32mpns-si5-al-creditrama-d-1920-cr-ts7xn-3[0m stage [32mfrom-build-pack[0m and container [32mstep-promote-helm-release[0m
WARNING: No $CHART_REPOSITORY defined so using the default value of: http://jenkins-x-chartmuseum:8080
Adding missing Helm repo: storage.googleapis.com https://storage.googleapis.com/chartmuseum.jenkins-x.io
Successfully added Helm repository storage.googleapis.com.
Adding missing Helm repo: jenkins-x-chartmuseum http://jenkins-x-chartmuseum:8080
Successfully added Helm repository jenkins-x-chartmuseum.
WARNING: No $CHART_REPOSITORY defined so using the default value of: http://jenkins-x-chartmuseum:8080
Uploading chart file creditrama-team-d-client-service-0.0.3.tgz to http://jenkins-x-chartmuseum:8080/api/charts
Received 201 response: {"saved":true}

Showing logs for build [32mpns-si5-al-creditrama-d-1920-cr-ts7xn-3[0m stage [32mfrom-build-pack[0m and container [32mstep-promote-jx-promote[0m
WARNING: prow based install so skip waiting for the merge of Pull Requests to go green as currently there is an issue with gettingstatuses from the PR, see https://github.com/jenkins-x/**/issues/2410
WARNING: No $CHART_REPOSITORY defined so using the default value of: http://jenkins-x-chartmuseum:8080
Promoting app creditrama-team-d-client-service version 0.0.3 to namespace pns-si5-al-creditrama-d-1920
Created Pull Request: https://github.com/************/environment-**-github-alexis/pull/3
Added label updatebot to Pull Request https://github.com/************/environment-**-github-alexis/pull/3
WARNING: Failed to query the Pull Request last commit status for https://github.com/************/environment-**-github-alexis/pull/3 ref 0cb7d66c71478bfc3f2cb7854d3107033a53595f Could not find a status for repository ************/environment-**-github-alexis with ref 0cb7d66c71478bfc3f2cb7854d3107033a53595f
WARNING: Failed to query the Pull Request last commit status for https://github.com/************/environment-**-github-alexis/pull/3 ref 0cb7d66c71478bfc3f2cb7854d3107033a53595f Could not find a status for repository ************/environment-**-github-alexis with ref 0cb7d66c71478bfc3f2cb7854d3107033a53595f
WARNING: Failed to query the Pull Request last commit status for https://github.com/************/environment-**-github-alexis/pull/3 ref 0cb7d66c71478bfc3f2cb7854d3107033a53595f Could not find a status for repository ************/environment-**-github-alexis with ref 0cb7d66c71478bfc3f2cb7854d3107033a53595f
WARNING: Failed to query the Pull Request last commit status for https://github.com/************/environment-**-github-alexis/pull/3 ref 0cb7d66c71478bfc3f2cb7854d3107033a53595f Could not find a status for repository ************/environment-**-github-alexis with ref 0cb7d66c71478bfc3f2cb7854d3107033a53595f
WARNING: Failed to query the Pull Request last commit status for https://github.com/************/environment-**-github-alexis/pull/3 ref 0cb7d66c71478bfc3f2cb7854d3107033a53595f Could not find a status for repository ************/environment-**-github-alexis with ref 0cb7d66c71478bfc3f2cb7854d3107033a53595f
WARNING: Failed to query the Pull Request last commit status for https://github.com/************/environment-**-github-alexis/pull/3 ref 0cb7d66c71478bfc3f2cb7854d3107033a53595f Could not find a status for repository ************/environment-**-github-alexis with ref 0cb7d66c71478bfc3f2cb7854d3107033a53595f
WARNING: Failed to query the Pull Request last commit status for https://github.com/************/environment-**-github-alexis/pull/3 ref 0cb7d66c71478bfc3f2cb7854d3107033a53595f Could not find a status for repository ************/environment-**-github-alexis with ref 0cb7d66c71478bfc3f2cb7854d3107033a53595f
WARNING: Failed to query the Pull Request last commit status for https://github.com/************/environment-**-github-alexis/pull/3 ref 0cb7d66c71478bfc3f2cb7854d3107033a53595f Could not find a status for repository ************/environment-**-github-alexis with ref 0cb7d66c71478bfc3f2cb7854d3107033a53595f
WARNING: Failed to query the Pull Request last commit status for https://github.com/************/environment-**-github-alexis/pull/3 ref 0cb7d66c71478bfc3f2cb7854d3107033a53595f Could not find a status for repository ************/environment-**-github-alexis with ref 0cb7d66c71478bfc3f2cb7854d3107033a53595f
WARNING: Failed to query the Pull Request last commit status for https://github.com/************/environment-**-github-alexis/pull/3 ref 0cb7d66c71478bfc3f2cb7854d3107033a53595f Could not find a status for repository ************/environment-**-github-alexis with ref 0cb7d66c71478bfc3f2cb7854d3107033a53595f
WARNING: Failed to query the Pull Request last commit status for https://github.com/************/environment-**-github-alexis/pull/3 ref 0cb7d66c71478bfc3f2cb7854d3107033a53595f Could not find a status for repository ************/environment-**-github-alexis with ref 0cb7d66c71478bfc3f2cb7854d3107033a53595f
WARNING: Failed to query the Pull Request last commit status for https://github.com/************/environment-**-github-alexis/pull/3 ref 0cb7d66c71478bfc3f2cb7854d3107033a53595f Could not find a status for repository ************/environment-**-github-alexis with ref 0cb7d66c71478bfc3f2cb7854d3107033a53595f
WARNING: Failed to query the Pull Request last commit status for https://github.com/************/environment-**-github-alexis/pull/3 ref 0cb7d66c71478bfc3f2cb7854d3107033a53595f Could not find a status for repository ************/environment-**-github-alexis with ref 0cb7d66c71478bfc3f2cb7854d3107033a53595f
WARNING: Failed to query the Pull Request last commit status for https://github.com/************/environment-**-github-alexis/pull/3 ref 0cb7d66c71478bfc3f2cb7854d3107033a53595f Could not find a status for repository ************/environment-**-github-alexis with ref 0cb7d66c71478bfc3f2cb7854d3107033a53595f
WARNING: Failed to query the Pull Request last commit status for https://github.com/************/environment-**-github-alexis/pull/3 ref 0cb7d66c71478bfc3f2cb7854d3107033a53595f Could not find a status for repository ************/environment-**-github-alexis with ref 0cb7d66c71478bfc3f2cb7854d3107033a53595f
WARNING: Failed to query the Pull Request last commit status for https://github.com/************/environment-**-github-alexis/pull/3 ref 0cb7d66c71478bfc3f2cb7854d3107033a53595f Could not find a status for repository ************/environment-**-github-alexis with ref 0cb7d66c71478bfc3f2cb7854d3107033a53595f
WARNING: Failed to query the Pull Request last commit status for https://github.com/************/environment-**-github-alexis/pull/3 ref 0cb7d66c71478bfc3f2cb7854d3107033a53595f Could not find a status for repository ************/environment-**-github-alexis with ref 0cb7d66c71478bfc3f2cb7854d3107033a53595f
WARNING: Failed to query the Pull Request last commit status for https://github.com/************/environment-**-github-alexis/pull/3 ref 0cb7d66c71478bfc3f2cb7854d3107033a53595f Could not find a status for repository ************/environment-**-github-alexis with ref 0cb7d66c71478bfc3f2cb7854d3107033a53595f
WARNING: Failed to query the Pull Request last commit status for https://github.com/************/environment-**-github-alexis/pull/3 ref 0cb7d66c71478bfc3f2cb7854d3107033a53595f Could not find a status for repository ************/environment-**-github-alexis with ref 0cb7d66c71478bfc3f2cb7854d3107033a53595f
WARNING: Failed to query the Pull Request last commit status for https://github.com/************/environment-**-github-alexis/pull/3 ref 0cb7d66c71478bfc3f2cb7854d3107033a53595f Could not find a status for repository ************/environment-**-github-alexis with ref 0cb7d66c71478bfc3f2cb7854d3107033a53595f
WARNING: Failed to query the Pull Request last commit status for https://github.com/************/environment-**-github-alexis/pull/3 ref 0cb7d66c71478bfc3f2cb7854d3107033a53595f Could not find a status for repository ************/environment-**-github-alexis with ref 0cb7d66c71478bfc3f2cb7854d3107033a53595f
WARNING: Failed to query the Pull Request last commit status for https://github.com/************/environment-**-github-alexis/pull/3 ref 0cb7d66c71478bfc3f2cb7854d3107033a53595f Could not find a status for repository ************/environment-**-github-alexis with ref 0cb7d66c71478bfc3f2cb7854d3107033a53595f
WARNING: Failed to query the Pull Request last commit status for https://github.com/************/environment-**-github-alexis/pull/3 ref 0cb7d66c71478bfc3f2cb7854d3107033a53595f Could not find a status for repository ************/environment-**-github-alexis with ref 0cb7d66c71478bfc3f2cb7854d3107033a53595f
WARNING: Failed to query the Pull Request last commit status for https://github.com/************/environment-**-github-alexis/pull/3 ref 0cb7d66c71478bfc3f2cb7854d3107033a53595f Could not find a status for repository ************/environment-**-github-alexis with ref 0cb7d66c71478bfc3f2cb7854d3107033a53595f
WARNING: Failed to query the Pull Request last commit status for https://github.com/************/environment-**-github-alexis/pull/3 ref 0cb7d66c71478bfc3f2cb7854d3107033a53595f Could not find a status for repository ************/environment-**-github-alexis with ref 0cb7d66c71478bfc3f2cb7854d3107033a53595f
WARNING: Failed to query the Pull Request last commit status for https://github.com/************/environment-**-github-alexis/pull/3 ref 0cb7d66c71478bfc3f2cb7854d3107033a53595f Could not find a status for repository ************/environment-**-github-alexis with ref 0cb7d66c71478bfc3f2cb7854d3107033a53595f
WARNING: Failed to query the Pull Request last commit status for https://github.com/************/environment-**-github-alexis/pull/3 ref 0cb7d66c71478bfc3f2cb7854d3107033a53595f Could not find a status for repository ************/environment-**-github-alexis with ref 0cb7d66c71478bfc3f2cb7854d3107033a53595f
WARNING: Failed to query the Pull Request last commit status for https://github.com/************/environment-**-github-alexis/pull/3 ref 0cb7d66c71478bfc3f2cb7854d3107033a53595f Could not find a status for repository ************/environment-**-github-alexis with ref 0cb7d66c71478bfc3f2cb7854d3107033a53595f
WARNING: Failed to query the Pull Request last commit status for https://github.com/************/environment-**-github-alexis/pull/3 ref 0cb7d66c71478bfc3f2cb7854d3107033a53595f Could not find a status for repository ************/environment-**-github-alexis with ref 0cb7d66c71478bfc3f2cb7854d3107033a53595f
WARNING: Failed to query the Pull Request last commit status for https://github.com/************/environment-**-github-alexis/pull/3 ref 0cb7d66c71478bfc3f2cb7854d3107033a53595f Could not find a status for repository ************/environment-**-github-alexis with ref 0cb7d66c71478bfc3f2cb7854d3107033a53595f
WARNING: Failed to query the Pull Request last commit status for https://github.com/************/environment-**-github-alexis/pull/3 ref 0cb7d66c71478bfc3f2cb7854d3107033a53595f Could not find a status for repository ************/environment-**-github-alexis with ref 0cb7d66c71478bfc3f2cb7854d3107033a53595f
WARNING: Failed to query the Pull Request last commit status for https://github.com/************/environment-**-github-alexis/pull/3 ref 0cb7d66c71478bfc3f2cb7854d3107033a53595f Could not find a status for repository ************/environment-**-github-alexis with ref 0cb7d66c71478bfc3f2cb7854d3107033a53595f
Rebasing PullRequest due to conflict
Attempting to cherry pick commits that were on promote-creditrama-team-d-client-service-0.0.3 but not yet pushed
WARNING: Failed to query the Pull Request last commit status for https://github.com/************/environment-**-github-alexis/pull/3 ref 0cb7d66c71478bfc3f2cb7854d3107033a53595f Could not find a status for repository ************/environment-**-github-alexis with ref 0cb7d66c71478bfc3f2cb7854d3107033a53595f
Rebasing PullRequest due to conflict
Pull Request https://github.com/************/environment-**-github-alexis/pull/3 is merged at sha b4376fff01279b556814b5c985075b3d1df500fd
Pull Request merged but we are not waiting for the update pipeline to complete!
WARNING: Could not find the service URL in namespace pns-si5-al-creditrama-d-1920 for names creditrama-team-d-client-service, pns-si5-al-creditrama-d-1920-creditrama-team-d-client-service, pns-si5-al-creditrama-d-1920-creditrama-team-d-client-service
